  0.00000000   1.00000000
  1.00000000   0.99794660
  2.00000000   0.99195475
  3.00000000   0.98204809
  4.00000000   0.96826571
  5.00000000   0.95066202
  6.00000000   0.92930649
  7.00000000   0.90428339
  8.00000000   0.87569149
  9.00000000   0.84364361
 10.00000000   0.80826625
 11.00000000   0.76969901
 12.00000000   0.72809412
 13.00000000   0.68361575
 14.00000000   0.63643946
 15.00000000   0.58675142
 16.00000000   0.53474773
 17.00000000   0.48063363
 18.00000000   0.42462268
 19.00000000   0.36693593
 20.00000000   0.30780104
 21.00000000   0.24745141
 22.00000000   0.18612518
 23.00000000   0.12406441
 24.00000000   0.06151401
 25.00000000  -0.00127917
 26.00000000  -0.06406729
 27.00000000  -0.12660257
 28.00000000  -0.18863820
 29.00000000  -0.24992936
 30.00000000  -0.31023416
 31.00000000  -0.36931461
 32.00000000  -0.42693753
 33.00000000  -0.48287552
 34.00000000  -0.53690781
 35.00000000  -0.58882116
 36.00000000  -0.63841069
 37.00000000  -0.68548070
 38.00000000  -0.72984542
 39.00000000  -0.77132976
 40.00000000  -0.80977000
 41.00000000  -0.84501444
 42.00000000  -0.87692397
 43.00000000  -0.90537268
 44.00000000  -0.93024828
 45.00000000  -0.95145259
 46.00000000  -0.96890195
 47.00000000  -0.98252747
 48.00000000  -0.99227539
 49.00000000  -0.99810724
 50.00000000  -1.00000000
 51.00000000  -0.99794620
 52.00000000  -0.99195394
 53.00000000  -0.98204688
 54.00000000  -0.96826412
 55.00000000  -0.95066004
 56.00000000  -0.92930413
 57.00000000  -0.90428066
 58.00000000  -0.87568839
 59.00000000  -0.84364017
 60.00000000  -0.80826247
 61.00000000  -0.76969492
 62.00000000  -0.72808972
 63.00000000  -0.68361107
 64.00000000  -0.63643451
 65.00000000  -0.58674622
 66.00000000  -0.53474230
 67.00000000  -0.48062799
 68.00000000  -0.42461686
 69.00000000  -0.36692995
 70.00000000  -0.30779492
 71.00000000  -0.24744517
 72.00000000  -0.18611886
 73.00000000  -0.12405802
 74.00000000  -0.06150758
 75.00000000   0.00128561
 76.00000000   0.06407372
 77.00000000   0.12660896
 78.00000000   0.18864453
 79.00000000   0.24993561
 80.00000000   0.31024030
 81.00000000   0.36932061
 82.00000000   0.42694337
 83.00000000   0.48288117
 84.00000000   0.53691326
 85.00000000   0.58882638
 86.00000000   0.63841567
 87.00000000   0.68548541
 88.00000000   0.72984984
 89.00000000   0.77133388
 90.00000000   0.80977380
 91.00000000   0.84501790
 92.00000000   0.87692709
 93.00000000   0.90537543
 94.00000000   0.93025066
 95.00000000   0.95145459
 96.00000000   0.96890356
 97.00000000   0.98252869
 98.00000000   0.99227621
 99.00000000   0.99810765
100.00000000   1.00000000
101.00000000   0.99794579
102.00000000   0.99195313
103.00000000   0.98204567
104.00000000   0.96826251
105.00000000   0.95065804
106.00000000   0.92930174
107.00000000   0.90427790
108.00000000   0.87568527
109.00000000   0.84363669
110.00000000   0.80825866
111.00000000   0.76969078
112.00000000   0.72808527
113.00000000   0.68360633
114.00000000   0.63642950
115.00000000   0.58674096
116.00000000   0.53473682
117.00000000   0.48062230
118.00000000   0.42461098
119.00000000   0.36692390
120.00000000   0.30778874
121.00000000   0.24743887
122.00000000   0.18611247
123.00000000   0.12405156
124.00000000   0.06150108
125.00000000  -0.00129212
126.00000000  -0.06408022
127.00000000  -0.12661542
128.00000000  -0.18865093
129.00000000  -0.24994192
130.00000000  -0.31024650
131.00000000  -0.36932667
132.00000000  -0.42694927
133.00000000  -0.48288688
134.00000000  -0.53691876
135.00000000  -0.58883166
136.00000000  -0.63842069
137.00000000  -0.68549017
138.00000000  -0.72985431
139.00000000  -0.77133804
140.00000000  -0.80977764
141.00000000  -0.84502140
142.00000000  -0.87693024
143.00000000  -0.90537821
144.00000000  -0.93025306
145.00000000  -0.95145661
146.00000000  -0.96890518
147.00000000  -0.98252991
148.00000000  -0.99227702
149.00000000  -0.99810806
150.00000000  -1.00000000
151.00000000  -0.99794538
152.00000000  -0.99195231
153.00000000  -0.98204444
154.00000000  -0.96826088
155.00000000  -0.95065601
156.00000000  -0.92929933
157.00000000  -0.90427511
158.00000000  -0.87568211
159.00000000  -0.84363318
160.00000000  -0.80825480
161.00000000  -0.76968660
162.00000000  -0.72808078
163.00000000  -0.68360155
164.00000000  -0.63642445
165.00000000  -0.58673565
166.00000000  -0.53473127
167.00000000  -0.48061655
168.00000000  -0.42460503
169.00000000  -0.36691779
170.00000000  -0.30778249
171.00000000  -0.24743250
172.00000000  -0.18610601
173.00000000  -0.12404504
174.00000000  -0.06149452
175.00000000   0.00129869
176.00000000   0.06408678
177.00000000   0.12662195
178.00000000   0.18865740
179.00000000   0.24994829
180.00000000   0.31025276
181.00000000   0.36933279
182.00000000   0.42695522
183.00000000   0.48289266
184.00000000   0.53692432
185.00000000   0.58883699
186.00000000   0.63842577
187.00000000   0.68549497
188.00000000   0.72985882
189.00000000   0.77134224
190.00000000   0.80978151
191.00000000   0.84502494
192.00000000   0.87693342
193.00000000   0.90538102
194.00000000   0.93025549
195.00000000   0.95145865
196.00000000   0.96890683
197.00000000   0.98253115
198.00000000   0.99227785
199.00000000   0.99810847
200.00000000   1.00000000
201.00000000   0.99794497
202.00000000   0.99195148
203.00000000   0.98204320
204.00000000   0.96825923
205.00000000   0.95065397
206.00000000   0.92929689
207.00000000   0.90427229
208.00000000   0.87567892
209.00000000   0.84362963
210.00000000   0.80825091
211.00000000   0.76968238
212.00000000   0.72807625
213.00000000   0.68359672
214.00000000   0.63641934
215.00000000   0.58673029
216.00000000   0.53472568
217.00000000   0.48061073
218.00000000   0.42459903
219.00000000   0.36691162
220.00000000   0.30777618
221.00000000   0.24742608
222.00000000   0.18609949
223.00000000   0.12403845
224.00000000   0.06148789
225.00000000  -0.00130534
226.00000000  -0.06409341
227.00000000  -0.12662854
228.00000000  -0.18866393
229.00000000  -0.24995473
230.00000000  -0.31025908
231.00000000  -0.36933897
232.00000000  -0.42696124
233.00000000  -0.48289849
234.00000000  -0.53692994
235.00000000  -0.58884237
236.00000000  -0.63843090
237.00000000  -0.68549983
238.00000000  -0.72986338
239.00000000  -0.77134649
240.00000000  -0.80978543
241.00000000  -0.84502851
242.00000000  -0.87693663
243.00000000  -0.90538386
244.00000000  -0.93025795
245.00000000  -0.95146071
246.00000000  -0.96890848
247.00000000  -0.98253240
248.00000000  -0.99227869
249.00000000  -0.99810889
250.00000000  -1.00000000
251.00000000  -0.99794455
252.00000000  -0.99195065
253.00000000  -0.98204195
254.00000000  -0.96825757
255.00000000  -0.95065190
256.00000000  -0.92929443
257.00000000  -0.90426944
258.00000000  -0.87567570
259.00000000  -0.84362605
260.00000000  -0.80824698
261.00000000  -0.76967811
262.00000000  -0.72807167
263.00000000  -0.68359184
264.00000000  -0.63641418
265.00000000  -0.58672487
266.00000000  -0.53472002
267.00000000  -0.48060486
268.00000000  -0.42459297
269.00000000  -0.36690539
270.00000000  -0.30776980
271.00000000  -0.24741958
272.00000000  -0.18609290
273.00000000  -0.12403180
274.00000000  -0.06148119
275.00000000   0.00131205
276.00000000   0.06410011
277.00000000   0.12663520
278.00000000   0.18867052
279.00000000   0.24996124
280.00000000   0.31026547
281.00000000   0.36934522
282.00000000   0.42696732
283.00000000   0.48290438
284.00000000   0.53693562
285.00000000   0.58884781
286.00000000   0.63843609
287.00000000   0.68550473
288.00000000   0.72986799
289.00000000   0.77135078
290.00000000   0.80978939
291.00000000   0.84503211
292.00000000   0.87693987
293.00000000   0.90538673
294.00000000   0.93026043
295.00000000   0.95146280
296.00000000   0.96891016
297.00000000   0.98253366
298.00000000   0.99227953
299.00000000   0.99810932
300.00000000   1.00000000
301.00000000   0.99794412
302.00000000   0.99194980
303.00000000   0.98204069
304.00000000   0.96825589
305.00000000   0.95064982
306.00000000   0.92929194
307.00000000   0.90426657
308.00000000   0.87567244
309.00000000   0.84362243
310.00000000   0.80824301
311.00000000   0.76967380
312.00000000   0.72806704
313.00000000   0.68358691
314.00000000   0.63640897
315.00000000   0.58671940
316.00000000   0.53471431
317.00000000   0.48059893
318.00000000   0.42458684
319.00000000   0.36689910
320.00000000   0.30776336
321.00000000   0.24741302
322.00000000   0.18608625
323.00000000   0.12402507
324.00000000   0.06147443
325.00000000  -0.00131883
326.00000000  -0.06410688
327.00000000  -0.12664193
328.00000000  -0.18867719
329.00000000  -0.24996781
330.00000000  -0.31027192
331.00000000  -0.36935153
332.00000000  -0.42697347
333.00000000  -0.48291033
334.00000000  -0.53694136
335.00000000  -0.58885331
336.00000000  -0.63844132
337.00000000  -0.68550969
338.00000000  -0.72987264
339.00000000  -0.77135511
340.00000000  -0.80979339
341.00000000  -0.84503576
342.00000000  -0.87694315
343.00000000  -0.90538963
344.00000000  -0.93026293
345.00000000  -0.95146490
346.00000000  -0.96891185
347.00000000  -0.98253494
348.00000000  -0.99228039
349.00000000  -0.99810974
350.00000000  -1.00000000
351.00000000  -0.99794370
352.00000000  -0.99194895
353.00000000  -0.98203941
354.00000000  -0.96825420
355.00000000  -0.95064771
356.00000000  -0.92928943
357.00000000  -0.90426366
358.00000000  -0.87566915
359.00000000  -0.84361877
360.00000000  -0.80823899
361.00000000  -0.76966945
362.00000000  -0.72806236
363.00000000  -0.68358193
364.00000000  -0.63640370
365.00000000  -0.58671387
366.00000000  -0.53470853
367.00000000  -0.48059294
368.00000000  -0.42458065
369.00000000  -0.36689273
370.00000000  -0.30775685
371.00000000  -0.24740639
372.00000000  -0.18607952
373.00000000  -0.12401828
374.00000000  -0.06146759
375.00000000   0.00132568
376.00000000   0.06411372
377.00000000   0.12664873
378.00000000   0.18868392
379.00000000   0.24997445
380.00000000   0.31027845
381.00000000   0.36935791
382.00000000   0.42697968
383.00000000   0.48291634
384.00000000   0.53694715
385.00000000   0.58885887
386.00000000   0.63844661
387.00000000   0.68551469
388.00000000   0.72987735
389.00000000   0.77135949
390.00000000   0.80979743
391.00000000   0.84503944
392.00000000   0.87694646
393.00000000   0.90539256
394.00000000   0.93026547
395.00000000   0.95146703
396.00000000   0.96891357
397.00000000   0.98253623
398.00000000   0.99228125
399.00000000   0.99811018
400.00000000   1.00000000
401.00000000   0.99794326
402.00000000   0.99194808
403.00000000   0.98203812
404.00000000   0.96825248
405.00000000   0.95064558
406.00000000   0.92928689
407.00000000   0.90426072
408.00000000   0.87566583
409.00000000   0.84361507
410.00000000   0.80823494
411.00000000   0.76966505
412.00000000   0.72805763
413.00000000   0.68357690
414.00000000   0.63639838
415.00000000   0.58670828
416.00000000   0.53470270
417.00000000   0.48058688
418.00000000   0.42457440
419.00000000   0.36688631
420.00000000   0.30775027
421.00000000   0.24739969
422.00000000   0.18607273
423.00000000   0.12401141
424.00000000   0.06146068
425.00000000  -0.00133260
426.00000000  -0.06412063
427.00000000  -0.12665561
428.00000000  -0.18869072
429.00000000  -0.24998116
430.00000000  -0.31028504
431.00000000  -0.36936435
432.00000000  -0.42698595
433.00000000  -0.48292242
434.00000000  -0.53695301
435.00000000  -0.58886448
436.00000000  -0.63845196
437.00000000  -0.68551975
438.00000000  -0.72988210
439.00000000  -0.77136392
440.00000000  -0.80980151
441.00000000  -0.84504316
442.00000000  -0.87694981
443.00000000  -0.90539552
444.00000000  -0.93026803
445.00000000  -0.95146918
446.00000000  -0.96891529
447.00000000  -0.98253753
448.00000000  -0.99228212
449.00000000  -0.99811061
450.00000000  -1.00000000
451.00000000  -0.99794283
452.00000000  -0.99194721
453.00000000  -0.98203681
454.00000000  -0.96825075
455.00000000  -0.95064343
456.00000000  -0.92928433
457.00000000  -0.90425776
458.00000000  -0.87566247
459.00000000  -0.84361134
460.00000000  -0.80823084
461.00000000  -0.76966060
462.00000000  -0.72805286
463.00000000  -0.68357181
464.00000000  -0.63639300
465.00000000  -0.58670263
466.00000000  -0.53469680
467.00000000  -0.48058076
468.00000000  -0.42456808
469.00000000  -0.36687981
470.00000000  -0.30774363
471.00000000  -0.24739292
472.00000000  -0.18606586
473.00000000  -0.12400448
474.00000000  -0.06145370
475.00000000   0.00133960
476.00000000   0.06412762
477.00000000   0.12666255
478.00000000   0.18869760
479.00000000   0.24998795
480.00000000   0.31029170
481.00000000   0.36937087
482.00000000   0.42699229
483.00000000   0.48292856
484.00000000   0.53695893
485.00000000   0.58887015
486.00000000   0.63845736
487.00000000   0.68552486
488.00000000   0.72988690
489.00000000   0.77136839
490.00000000   0.80980563
491.00000000   0.84504693
492.00000000   0.87695319
493.00000000   0.90539851
494.00000000   0.93027061
495.00000000   0.95147135
496.00000000   0.96891704
497.00000000   0.98253885
498.00000000   0.99228300
499.00000000   0.99811105
500.00000000   1.00000000
501.00000000   0.99794238
502.00000000   0.99194633
503.00000000   0.98203549
504.00000000   0.96824900
505.00000000   0.95064125
506.00000000   0.92928174
507.00000000   0.90425476
508.00000000   0.87565908
509.00000000   0.84360756
510.00000000   0.80822669
511.00000000   0.76965611
512.00000000   0.72804803
513.00000000   0.68356667
514.00000000   0.63638757
515.00000000   0.58669692
516.00000000   0.53469084
517.00000000   0.48057458
518.00000000   0.42456169
519.00000000   0.36687324
520.00000000   0.30773691
521.00000000   0.24738608
522.00000000   0.18605892
523.00000000   0.12399747
524.00000000   0.06144665
525.00000000  -0.00134667
526.00000000  -0.06413467
527.00000000  -0.12666956
528.00000000  -0.18870455
529.00000000  -0.24999480
530.00000000  -0.31029843
531.00000000  -0.36937745
532.00000000  -0.42699869
533.00000000  -0.48293477
534.00000000  -0.53696491
535.00000000  -0.58887588
536.00000000  -0.63846282
537.00000000  -0.68553003
538.00000000  -0.72989175
539.00000000  -0.77137291
540.00000000  -0.80980980
541.00000000  -0.84505073
542.00000000  -0.87695661
543.00000000  -0.90540153
544.00000000  -0.93027322
545.00000000  -0.95147354
546.00000000  -0.96891881
547.00000000  -0.98254018
548.00000000  -0.99228389
549.00000000  -0.99811150
550.00000000  -1.00000000
551.00000000  -0.99794194
552.00000000  -0.99194544
553.00000000  -0.98203416
554.00000000  -0.96824723
555.00000000  -0.95063905
556.00000000  -0.92927912
557.00000000  -0.90425173
558.00000000  -0.87565565
559.00000000  -0.84360375
560.00000000  -0.80822251
561.00000000  -0.76965157
562.00000000  -0.72804316
563.00000000  -0.68356147
564.00000000  -0.63638208
565.00000000  -0.58669116
566.00000000  -0.53468482
567.00000000  -0.48056833
568.00000000  -0.42455524
569.00000000  -0.36686661
570.00000000  -0.30773013
571.00000000  -0.24737916
572.00000000  -0.18605191
573.00000000  -0.12399038
574.00000000  -0.06143952
575.00000000   0.00135381
576.00000000   0.06414180
577.00000000   0.12667666
578.00000000   0.18871157
579.00000000   0.25000172
580.00000000   0.31030523
581.00000000   0.36938410
582.00000000   0.42700517
583.00000000   0.48294104
584.00000000   0.53697095
585.00000000   0.58888167
586.00000000   0.63846834
587.00000000   0.68553525
588.00000000   0.72989666
589.00000000   0.77137748
590.00000000   0.80981401
591.00000000   0.84505457
592.00000000   0.87696006
593.00000000   0.90540458
594.00000000   0.93027586
595.00000000   0.95147576
596.00000000   0.96892059
597.00000000   0.98254152
598.00000000   0.99228479
599.00000000   0.99811195
600.00000000   1.00000000
601.00000000   0.99794149
602.00000000   0.99194454
603.00000000   0.98203282
604.00000000   0.96824544
605.00000000   0.95063683
606.00000000   0.92927647
607.00000000   0.90424866
608.00000000   0.87565218
609.00000000   0.84359989
610.00000000   0.80821828
611.00000000   0.76964698
612.00000000   0.72803823
613.00000000   0.68355622
614.00000000   0.63637653
615.00000000   0.58668533
616.00000000   0.53467874
617.00000000   0.48056201
618.00000000   0.42454871
619.00000000   0.36685991
620.00000000   0.30772327
621.00000000   0.24737218
622.00000000   0.18604482
623.00000000   0.12398322
624.00000000   0.06143232
625.00000000  -0.00136103
626.00000000  -0.06414901
627.00000000  -0.12668382
628.00000000  -0.18871867
629.00000000  -0.25000872
630.00000000  -0.31031210
631.00000000  -0.36939082
632.00000000  -0.42701171
633.00000000  -0.48294737
634.00000000  -0.53697706
635.00000000  -0.58888753
636.00000000  -0.63847391
637.00000000  -0.68554053
638.00000000  -0.72990161
639.00000000  -0.77138209
640.00000000  -0.80981827
641.00000000  -0.84505845
642.00000000  -0.87696355
643.00000000  -0.90540767
644.00000000  -0.93027853
645.00000000  -0.95147800
646.00000000  -0.96892240
647.00000000  -0.98254288
648.00000000  -0.99228570
649.00000000  -0.99811241
650.00000000  -1.00000000
651.00000000  -0.99794103
652.00000000  -0.99194363
653.00000000  -0.98203145
654.00000000  -0.96824364
655.00000000  -0.95063458
656.00000000  -0.92927379
657.00000000  -0.90424557
658.00000000  -0.87564868
659.00000000  -0.84359599
660.00000000  -0.80821400
661.00000000  -0.76964234
662.00000000  -0.72803325
663.00000000  -0.68355092
664.00000000  -0.63637092
665.00000000  -0.58667944
666.00000000  -0.53467259
667.00000000  -0.48055563
668.00000000  -0.42454212
669.00000000  -0.36685313
670.00000000  -0.30771633
671.00000000  -0.24736511
672.00000000  -0.18603765
673.00000000  -0.12397598
674.00000000  -0.06142504
675.00000000   0.00136833
676.00000000   0.06415630
677.00000000   0.12669107
678.00000000   0.18872584
679.00000000   0.25001580
680.00000000   0.31031905
681.00000000   0.36939761
682.00000000   0.42701832
683.00000000   0.48295378
684.00000000   0.53698323
685.00000000   0.58889344
686.00000000   0.63847955
687.00000000   0.68554586
688.00000000   0.72990662
689.00000000   0.77138676
690.00000000   0.80982257
691.00000000   0.84506237
692.00000000   0.87696708
693.00000000   0.90541079
694.00000000   0.93028123
695.00000000   0.95148026
696.00000000   0.96892422
697.00000000   0.98254426
698.00000000   0.99228662
699.00000000   0.99811287
700.00000000   1.00000000
701.00000000   0.99794057
702.00000000   0.99194271
703.00000000   0.98203008
704.00000000   0.96824181
705.00000000   0.95063231
706.00000000   0.92927109
707.00000000   0.90424244
708.00000000   0.87564514
709.00000000   0.84359205
710.00000000   0.80820968
711.00000000   0.76963766
712.00000000   0.72802821
713.00000000   0.68354555
714.00000000   0.63636525
715.00000000   0.58667348
716.00000000   0.53466637
717.00000000   0.48054917
718.00000000   0.42453545
719.00000000   0.36684628
720.00000000   0.30770932
721.00000000   0.24735798
722.00000000   0.18603041
723.00000000   0.12396867
724.00000000   0.06141768
725.00000000  -0.00137571
726.00000000  -0.06416366
727.00000000  -0.12669839
728.00000000  -0.18873309
729.00000000  -0.25002295
730.00000000  -0.31032607
731.00000000  -0.36940448
732.00000000  -0.42702501
733.00000000  -0.48296026
734.00000000  -0.53698947
735.00000000  -0.58889942
736.00000000  -0.63848525
737.00000000  -0.68555125
738.00000000  -0.72991168
739.00000000  -0.77139148
740.00000000  -0.80982692
741.00000000  -0.84506634
742.00000000  -0.87697065
743.00000000  -0.90541394
744.00000000  -0.93028396
745.00000000  -0.95148255
746.00000000  -0.96892606
747.00000000  -0.98254565
748.00000000  -0.99228755
749.00000000  -0.99811333
750.00000000  -1.00000000
751.00000000  -0.99794010
752.00000000  -0.99194178
753.00000000  -0.98202869
754.00000000  -0.96823996
755.00000000  -0.95063002
756.00000000  -0.92926836
757.00000000  -0.90423928
758.00000000  -0.87564156
759.00000000  -0.84358807
760.00000000  -0.80820531
761.00000000  -0.76963292
762.00000000  -0.72802312
763.00000000  -0.68354013
764.00000000  -0.63635951
765.00000000  -0.58666746
766.00000000  -0.53466009
767.00000000  -0.48054265
768.00000000  -0.42452872
769.00000000  -0.36683936
770.00000000  -0.30770224
771.00000000  -0.24735076
772.00000000  -0.18602309
773.00000000  -0.12396127
774.00000000  -0.06141024
775.00000000   0.00138316
776.00000000   0.06417110
777.00000000   0.12670579
778.00000000   0.18874042
779.00000000   0.25003018
780.00000000   0.31033317
781.00000000   0.36941142
782.00000000   0.42703177
783.00000000   0.48296680
784.00000000   0.53699578
785.00000000   0.58890547
786.00000000   0.63849101
787.00000000   0.68555670
788.00000000   0.72991680
789.00000000   0.77139624
790.00000000   0.80983132
791.00000000   0.84507035
792.00000000   0.87697425
793.00000000   0.90541713
794.00000000   0.93028671
795.00000000   0.95148487
796.00000000   0.96892792
797.00000000   0.98254705
798.00000000   0.99228849
799.00000000   0.99811380
800.00000000   1.00000000
801.00000000   0.99793963
802.00000000   0.99194084
803.00000000   0.98202728
804.00000000   0.96823810
805.00000000   0.95062770
806.00000000   0.92926559
807.00000000   0.90423608
808.00000000   0.87563794
809.00000000   0.84358405
810.00000000   0.80820090
811.00000000   0.76962813
812.00000000   0.72801797
813.00000000   0.68353465
814.00000000   0.63635372
815.00000000   0.58666138
816.00000000   0.53465374
817.00000000   0.48053606
818.00000000   0.42452191
819.00000000   0.36683236
820.00000000   0.30769508
821.00000000   0.24734346
822.00000000   0.18601569
823.00000000   0.12395380
824.00000000   0.06140271
825.00000000  -0.00139070
826.00000000  -0.06417863
827.00000000  -0.12671327
828.00000000  -0.18874783
829.00000000  -0.25003748
830.00000000  -0.31034035
831.00000000  -0.36941844
832.00000000  -0.42703860
833.00000000  -0.48297342
834.00000000  -0.53700216
835.00000000  -0.58891158
836.00000000  -0.63849683
837.00000000  -0.68556221
838.00000000  -0.72992198
839.00000000  -0.77140106
840.00000000  -0.80983577
841.00000000  -0.84507440
842.00000000  -0.87697790
843.00000000  -0.90542035
844.00000000  -0.93028950
845.00000000  -0.95148721
846.00000000  -0.96892981
847.00000000  -0.98254847
848.00000000  -0.99228944
849.00000000  -0.99811428
850.00000000  -1.00000000
851.00000000  -0.99793916
852.00000000  -0.99193989
853.00000000  -0.98202586
854.00000000  -0.96823621
855.00000000  -0.95062536
856.00000000  -0.92926280
857.00000000  -0.90423285
858.00000000  -0.87563429
859.00000000  -0.84357998
860.00000000  -0.80819643
861.00000000  -0.76962329
862.00000000  -0.72801277
863.00000000  -0.68352911
864.00000000  -0.63634786
865.00000000  -0.58665523
866.00000000  -0.53464732
867.00000000  -0.48052939
868.00000000  -0.42451502
869.00000000  -0.36682528
870.00000000  -0.30768784
871.00000000  -0.24733609
872.00000000  -0.18600821
873.00000000  -0.12394624
874.00000000  -0.06139511
875.00000000   0.00139832
876.00000000   0.06418623
877.00000000   0.12672083
878.00000000   0.18875532
879.00000000   0.25004487
880.00000000   0.31034761
881.00000000   0.36942553
882.00000000   0.42704550
883.00000000   0.48298011
884.00000000   0.53700860
885.00000000   0.58891776
886.00000000   0.63850271
887.00000000   0.68556778
888.00000000   0.72992721
889.00000000   0.77140594
890.00000000   0.80984026
891.00000000   0.84507850
892.00000000   0.87698158
893.00000000   0.90542361
894.00000000   0.93029232
895.00000000   0.95148957
896.00000000   0.96893171
897.00000000   0.98254990
898.00000000   0.99229040
899.00000000   0.99811476
900.00000000   1.00000000
901.00000000   0.99793868
902.00000000   0.99193893
903.00000000   0.98202443
904.00000000   0.96823430
905.00000000   0.95062299
906.00000000   0.92925998
907.00000000   0.90422958
908.00000000   0.87563059
909.00000000   0.84357587
910.00000000   0.80819192
911.00000000   0.76961839
912.00000000   0.72800751
913.00000000   0.68352351
914.00000000   0.63634194
915.00000000   0.58664901
916.00000000   0.53464082
917.00000000   0.48052265
918.00000000   0.42450806
919.00000000   0.36681813
920.00000000   0.30768052
921.00000000   0.24732863
922.00000000   0.18600065
923.00000000   0.12393860
924.00000000   0.06138742
925.00000000  -0.00140602
926.00000000  -0.06419392
927.00000000  -0.12672848
928.00000000  -0.18876289
929.00000000  -0.25005234
930.00000000  -0.31035494
931.00000000  -0.36943271
932.00000000  -0.42705248
933.00000000  -0.48298687
934.00000000  -0.53701512
935.00000000  -0.58892401
936.00000000  -0.63850867
937.00000000  -0.68557341
938.00000000  -0.72993250
939.00000000  -0.77141086
940.00000000  -0.80984480
941.00000000  -0.84508264
942.00000000  -0.87698531
943.00000000  -0.90542690
944.00000000  -0.93029516
945.00000000  -0.95149196
946.00000000  -0.96893364
947.00000000  -0.98255135
948.00000000  -0.99229137
949.00000000  -0.99811525
950.00000000  -1.00000000
951.00000000  -0.99793819
952.00000000  -0.99193795
953.00000000  -0.98202297
954.00000000  -0.96823238
955.00000000  -0.95062059
956.00000000  -0.92925712
957.00000000  -0.90422628
958.00000000  -0.87562685
959.00000000  -0.84357171
960.00000000  -0.80818735
961.00000000  -0.76961344
962.00000000  -0.72800220
963.00000000  -0.68351785
964.00000000  -0.63633595
965.00000000  -0.58664272
966.00000000  -0.53463426
967.00000000  -0.48051584
968.00000000  -0.42450103
969.00000000  -0.36681089
970.00000000  -0.30767312
971.00000000  -0.24732110
972.00000000  -0.18599300
973.00000000  -0.12393088
974.00000000  -0.06137965
975.00000000   0.00141381
976.00000000   0.06420170
977.00000000   0.12673621
978.00000000   0.18877055
979.00000000   0.25005989
980.00000000   0.31036236
981.00000000   0.36943996
982.00000000   0.42705954
983.00000000   0.48299371
984.00000000   0.53702171
985.00000000   0.58893032
986.00000000   0.63851468
987.00000000   0.68557910
988.00000000   0.72993785
989.00000000   0.77141584
990.00000000   0.80984940
991.00000000   0.84508683
992.00000000   0.87698908
993.00000000   0.90543023
994.00000000   0.93029804
995.00000000   0.95149438
996.00000000   0.96893558
997.00000000   0.98255282
998.00000000   0.99229235
999.00000000   0.99811574
