  0.0000 0.943949 0.543340 0.323278 0.341201
  1.0000 0.887899 0.086681 0.646556 0.682401
  2.0000 0.775798 0.173361 0.293112 0.364803
  3.0000 0.551595 0.346723 0.586224 0.729606
  4.0000 0.103190 0.693445 0.172448 0.459211
  5.0000 0.206381 0.386890 0.344895 0.918423
  6.0000 0.412762 0.773780 0.689791 0.836846
  7.0000 0.825524 0.547560 0.379582 0.673692
  8.0000 0.651047 0.095120 0.759163 0.347384
  9.0000 0.302094 0.190241 0.518326 0.694767
 10.0000 0.604189 0.380482 0.036653 0.389534
 11.0000 0.208377 0.760963 0.073306 0.779068
 12.0000 0.416755 0.521926 0.146612 0.558136
 13.0000 0.833510 0.043852 0.293224 0.116273
 14.0000 0.667019 0.087705 0.586448 0.232546
 15.0000 0.334038 0.175410 0.172895 0.465092
 16.0000 0.668077 0.350820 0.345790 0.930184
 17.0000 0.336153 0.701639 0.691581 0.860368
 18.0000 0.672306 0.403278 0.383161 0.720736
 19.0000 0.344613 0.806557 0.766323 0.441472
 20.0000 0.689226 0.613114 0.532646 0.882944
 21.0000 0.378452 0.226227 0.065291 0.765888
 22.0000 0.756903 0.452455 0.130583 0.531775
 23.0000 0.513806 0.904910 0.261166 0.063551
 24.0000 0.027613 0.809820 0.522332 0.127102
 25.0000 0.055226 0.619640 0.044664 0.254203
 26.0000 0.110452 0.239279 0.089328 0.508406
 27.0000 0.220904 0.478558 0.178656 0.016812
 28.0000 0.441808 0.957116 0.357312 0.033625
 29.0000 0.883615 0.914232 0.714624 0.067250
 30.0000 0.767230 0.828464 0.429247 0.134500
 31.0000 0.534461 0.656929 0.858494 0.269000
 32.0000 0.068921 0.313857 0.716988 0.538000
 33.0000 0.137842 0.627714 0.433976 0.076000
 34.0000 0.275684 0.255428 0.867952 0.151999
 35.0000 0.551369 0.510857 0.735905 0.303999
 36.0000 0.102737 0.021713 0.471809 0.607998
 37.0000 0.205475 0.043427 0.943619 0.215996
 38.0000 0.410950 0.086853 0.887238 0.431992
 39.0000 0.821899 0.173706 0.774475 0.863983
 40.0000 0.643799 0.347412 0.548950 0.727966
 41.0000 0.287598 0.694824 0.097900 0.455933
 42.0000 0.575195 0.389648 0.195801 0.911865
 43.0000 0.150391 0.779297 0.391602 0.823730
 44.0000 0.300781 0.558594 0.783203 0.647461
 45.0000 0.601562 0.117188 0.566406 0.294922
 46.0000 0.203125 0.234375 0.132812 0.589844
 47.0000 0.406250 0.468750 0.265625 0.179688
 48.0000 0.812500 0.937500 0.531250 0.359375
 49.0000 0.625000 0.875000 0.062500 0.718750
 50.0000 0.250000 0.750000 0.125000 0.437500
 51.0000 0.500000 0.500000 0.250000 0.875000
 52.0000 0.000000 0.000000 0.500000 0.750000
 53.0000 0.000000 0.000000 0.000000 0.500000
 54.0000 0.000000 0.000000 0.000000 0.000000
 55.0000 0.000000 0.000000 0.000000 0.000000
 56.0000 0.000000 0.000000 0.000000 0.000000
 57.0000 0.000000 0.000000 0.000000 0.000000
 58.0000 0.000000 0.000000 0.000000 0.000000
 59.0000 0.000000 0.000000 0.000000 0.000000
 60.0000 0.000000 0.000000 0.000000 0.000000
 61.0000 0.000000 0.000000 0.000000 0.000000
 62.0000 0.000000 0.000000 0.000000 0.000000
 63.0000 0.000000 0.000000 0.000000 0.000000
 64.0000 0.000000 0.000000 0.000000 0.000000
 65.0000 0.000000 0.000000 0.000000 0.000000
 66.0000 0.000000 0.000000 0.000000 0.000000
 67.0000 0.000000 0.000000 0.000000 0.000000
 68.0000 0.000000 0.000000 0.000000 0.000000
 69.0000 0.000000 0.000000 0.000000 0.000000
 70.0000 0.000000 0.000000 0.000000 0.000000
 71.0000 0.000000 0.000000 0.000000 0.000000
 72.0000 0.000000 0.000000 0.000000 0.000000
 73.0000 0.000000 0.000000 0.000000 0.000000
 74.0000 0.000000 0.000000 0.000000 0.000000
 75.0000 0.000000 0.000000 0.000000 0.000000
 76.0000 0.000000 0.000000 0.000000 0.000000
 77.0000 0.000000 0.000000 0.000000 0.000000
 78.0000 0.000000 0.000000 0.000000 0.000000
 79.0000 0.000000 0.000000 0.000000 0.000000
 80.0000 0.000000 0.000000 0.000000 0.000000
 81.0000 0.000000 0.000000 0.000000 0.000000
 82.0000 0.000000 0.000000 0.000000 0.000000
 83.0000 0.000000 0.000000 0.000000 0.000000
 84.0000 0.000000 0.000000 0.000000 0.000000
 85.0000 0.000000 0.000000 0.000000 0.000000
 86.0000 0.000000 0.000000 0.000000 0.000000
 87.0000 0.000000 0.000000 0.000000 0.000000
 88.0000 0.000000 0.000000 0.000000 0.000000
 89.0000 0.000000 0.000000 0.000000 0.000000
 90.0000 0.000000 0.000000 0.000000 0.000000
 91.0000 0.000000 0.000000 0.000000 0.000000
 92.0000 0.000000 0.000000 0.000000 0.000000
 93.0000 0.000000 0.000000 0.000000 0.000000
 94.0000 0.000000 0.000000 0.000000 0.000000
 95.0000 0.000000 0.000000 0.000000 0.000000
 96.0000 0.000000 0.000000 0.000000 0.000000
 97.0000 0.000000 0.000000 0.000000 0.000000
 98.0000 0.000000 0.000000 0.000000 0.000000
 99.0000 0.000000 0.000000 0.000000 0.000000
