0.000000 0.943949
  1.0000 0.957620
  2.0000 0.716608
  3.0000 0.035412
  4.0000 0.169673
  5.0000 0.686654
  6.0000 0.589449
  7.0000 0.867095
  8.0000 0.264821
  9.0000 0.839324
 10.0000 0.521547
 11.0000 0.647241
 12.0000 0.175181
 13.0000 0.270137
 14.0000 0.188779
 15.0000 0.812986
 16.0000 0.850683
 17.0000 0.436230
 18.0000 0.723665
 19.0000 0.638004
 20.0000 0.933348
 21.0000 0.772816
 22.0000 0.719497
 23.0000 0.586536
 24.0000 0.916090
 25.0000 0.726656
 26.0000 0.900990
 27.0000 0.940166
 28.0000 0.364942
 29.0000 0.574394
 30.0000 0.837446
 31.0000 0.959037
 32.0000 0.530630
 33.0000 0.296410
 34.0000 0.754810
 35.0000 0.097519
 36.0000 0.010076
 37.0000 0.346540
 38.0000 0.293726
 39.0000 0.647758
 40.0000 0.870152
 41.0000 0.648159
 42.0000 0.612053
 43.0000 0.771151
 44.0000 0.727173
 45.0000 0.588894
 46.0000 0.539565
 47.0000 0.476609
 48.0000 0.371490
 49.0000 0.625120
 50.0000 0.391555
 51.0000 0.865242
 52.0000 0.120175
 53.0000 0.788298
 54.0000 0.922138
 55.0000 0.379758
 56.0000 0.592261
 57.0000 0.136103
 58.0000 0.490785
 59.0000 0.615444
 60.0000 0.768477
 61.0000 0.791479
 62.0000 0.381398
 63.0000 0.156178
 64.0000 0.886761
 65.0000 0.787578
 66.0000 0.815919
 67.0000 0.152169
 68.0000 0.499624
 69.0000 0.179538
 70.0000 0.489594
 71.0000 0.598072
 72.0000 0.803886
 73.0000 0.904191
 74.0000 0.736030
 75.0000 0.450092
 76.0000 0.698196
 77.0000 0.572444
 78.0000 0.070285
 79.0000 0.282999
 80.0000 0.369455
 81.0000 0.435477
 82.0000 0.064834
 83.0000 0.658732
 84.0000 0.304515
 85.0000 0.989085
 86.0000 0.556440
 87.0000 0.079977
 88.0000 0.178192
 89.0000 0.880575
 90.0000 0.815702
 91.0000 0.503390
 92.0000 0.478187
 93.0000 0.888645
 94.0000 0.459689
 95.0000 0.987715
 96.0000 0.527872
 97.0000 0.951398
 98.0000 0.143190
 99.0000 0.596949
