  0.00000000   1.00000000
  1.00000000   0.00287727
  2.00000000  -0.00047360
  3.00000000  -0.00221633
  4.00000000  -0.01599027
  5.00000000   0.01432457
  6.00000000  -0.00098463
  7.00000000  -0.00607539
  8.00000000   0.00643943
  9.00000000  -0.01154032
 10.00000000  -0.00591388
 11.00000000  -0.00563257
 12.00000000  -0.00516469
 13.00000000  -0.00497098
 14.00000000  -0.01264655
 15.00000000   0.00380587
 16.00000000   0.01261983
 17.00000000  -0.00725627
 18.00000000   0.01039842
 19.00000000   0.01849559
 20.00000000  -0.01564606
 21.00000000  -0.00212628
 22.00000000  -0.01111242
 23.00000000  -0.01061761
 24.00000000   0.00015293
 25.00000000   0.01888961
 26.00000000   0.00366829
 27.00000000  -0.00714591
 28.00000000  -0.00110792
 29.00000000  -0.00605538
 30.00000000   0.00912580
 31.00000000   0.00661380
 32.00000000   0.00680059
 33.00000000   0.00483163
 34.00000000  -0.00098821
 35.00000000   0.00871046
 36.00000000  -0.01330746
 37.00000000  -0.01952453
 38.00000000   0.00238659
 39.00000000  -0.00736342
 40.00000000   0.01687730
 41.00000000   0.00725375
 42.00000000  -0.01530037
 43.00000000  -0.01963089
 44.00000000   0.00450994
 45.00000000   0.00314359
 46.00000000   0.00068247
 47.00000000  -0.00281309
 48.00000000  -0.00718949
 49.00000000  -0.00602310
 50.00000000  -0.01044552
 51.00000000   0.00261268
 52.00000000  -0.01062014
 53.00000000   0.02212444
 54.00000000  -0.01019189
 55.00000000  -0.02318241
 56.00000000   0.00352966
 57.00000000  -0.00803222
 58.00000000  -0.01097665
 59.00000000  -0.00717363
 60.00000000  -0.02089429
 61.00000000  -0.00804203
 62.00000000  -0.00676748
 63.00000000   0.00027391
 64.00000000  -0.00022178
 65.00000000  -0.01241971
 66.00000000  -0.00586618
 67.00000000  -0.00495079
 68.00000000   0.00296947
 69.00000000  -0.00705160
 70.00000000   0.01299548
 71.00000000   0.00461541
 72.00000000   0.01119928
 73.00000000   0.00193124
 74.00000000   0.00919316
 75.00000000  -0.00539252
 76.00000000   0.01828339
 77.00000000  -0.00234785
 78.00000000  -0.01655170
 79.00000000  -0.00119598
 80.00000000  -0.00704772
 81.00000000   0.00241009
 82.00000000  -0.01172287
 83.00000000  -0.01572166
 84.00000000  -0.00535299
 85.00000000  -0.01436371
 86.00000000  -0.00135321
 87.00000000   0.00389644
 88.00000000   0.00520518
 89.00000000   0.01274516
 90.00000000  -0.00597450
 91.00000000   0.01096995
 92.00000000   0.01133077
 93.00000000  -0.01437527
 94.00000000  -0.00013806
 95.00000000  -0.00659745
 96.00000000   0.00571474
 97.00000000   0.00414691
 98.00000000   0.01075515
 99.00000000  -0.00051662
100.00000000   0.00578991
101.00000000  -0.00648945
102.00000000  -0.00271301
103.00000000   0.00779118
104.00000000   0.00007541
105.00000000   0.00257377
106.00000000   0.00017938
107.00000000  -0.01307883
108.00000000  -0.01491499
109.00000000  -0.00436775
110.00000000  -0.00238253
111.00000000  -0.00112762
112.00000000   0.01266757
113.00000000  -0.01824617
114.00000000  -0.00438668
115.00000000   0.00310783
116.00000000   0.01232333
117.00000000   0.01147561
118.00000000  -0.00432229
119.00000000  -0.00646477
120.00000000   0.00447136
121.00000000  -0.00054103
122.00000000   0.00733730
123.00000000   0.02021669
124.00000000   0.00056733
125.00000000   0.01432796
126.00000000   0.01698705
127.00000000  -0.00323350
128.00000000  -0.00847007
129.00000000   0.00125199
130.00000000   0.00039482
131.00000000  -0.02244110
132.00000000  -0.00523178
133.00000000   0.00807908
134.00000000  -0.01298388
135.00000000  -0.01153689
136.00000000   0.00511180
137.00000000   0.01077406
138.00000000  -0.00097778
139.00000000  -0.01318250
140.00000000  -0.00874090
141.00000000   0.00927444
142.00000000   0.00447521
143.00000000   0.00347038
144.00000000   0.00270354
145.00000000   0.00020668
146.00000000  -0.00732491
147.00000000   0.01055638
148.00000000   0.00212871
149.00000000  -0.00600105
150.00000000   0.01210954
151.00000000   0.00053494
152.00000000   0.01020706
153.00000000   0.00059964
154.00000000   0.00443969
155.00000000  -0.00077309
156.00000000  -0.01354170
157.00000000  -0.00036211
158.00000000   0.00633649
159.00000000  -0.01147594
160.00000000   0.00379512
161.00000000  -0.00830918
162.00000000  -0.00577503
163.00000000   0.01787790
164.00000000   0.00400308
165.00000000  -0.00626788
166.00000000   0.00573563
167.00000000   0.00176717
168.00000000  -0.00694944
169.00000000   0.01214844
170.00000000  -0.02244178
171.00000000  -0.01201913
172.00000000  -0.01515813
173.00000000   0.00484409
174.00000000  -0.00047113
175.00000000   0.00607670
176.00000000   0.00113702
177.00000000   0.00754849
178.00000000  -0.01215210
179.00000000  -0.02560258
180.00000000  -0.00468393
181.00000000   0.00446991
182.00000000  -0.00321469
183.00000000   0.01607328
184.00000000   0.00107515
185.00000000   0.00180014
186.00000000   0.00147999
187.00000000   0.00278366
188.00000000   0.01009262
189.00000000   0.01299258
190.00000000   0.00294918
191.00000000  -0.00727841
192.00000000   0.00177342
193.00000000   0.01210482
194.00000000   0.00371540
195.00000000   0.01606913
196.00000000   0.02609172
197.00000000  -0.00972816
198.00000000  -0.00826311
199.00000000  -0.01170907
200.00000000  -0.00545755
201.00000000  -0.00233736
202.00000000  -0.01823072
203.00000000  -0.01015103
204.00000000  -0.00485546
205.00000000   0.00503205
206.00000000  -0.00424006
207.00000000  -0.00085542
208.00000000  -0.00224149
209.00000000  -0.00228884
210.00000000  -0.01892122
211.00000000   0.00068890
212.00000000  -0.01457194
213.00000000  -0.00291595
214.00000000  -0.00552062
215.00000000   0.00267275
216.00000000   0.00248597
217.00000000   0.01365478
218.00000000   0.00381003
219.00000000  -0.00282748
220.00000000  -0.01275686
221.00000000   0.01101675
222.00000000   0.00225115
223.00000000  -0.00101841
224.00000000   0.01570496
225.00000000  -0.01313596
226.00000000   0.03278159
227.00000000  -0.01086179
228.00000000   0.02274715
229.00000000  -0.00045777
230.00000000  -0.00749993
231.00000000  -0.00307098
232.00000000  -0.00683847
233.00000000  -0.00420029
234.00000000   0.00658252
235.00000000  -0.02375623
236.00000000   0.00041228
237.00000000  -0.01413383
238.00000000  -0.01070298
239.00000000   0.00983730
240.00000000   0.00854076
241.00000000  -0.00437903
242.00000000   0.00914293
243.00000000  -0.00407554
244.00000000   0.00616960
245.00000000   0.00486153
246.00000000   0.00401460
247.00000000   0.01028179
248.00000000   0.00226255
249.00000000   0.00954600
250.00000000   0.01056197
251.00000000  -0.00844132
252.00000000   0.00491279
253.00000000  -0.00039737
254.00000000   0.00352585
255.00000000  -0.01311968
256.00000000  -0.00673156
257.00000000   0.00634070
258.00000000   0.01190679
259.00000000   0.01122530
260.00000000   0.00556653
261.00000000  -0.01384669
262.00000000  -0.00203628
263.00000000   0.00843621
264.00000000   0.00547402
265.00000000  -0.00290745
266.00000000   0.01219869
267.00000000  -0.00333557
268.00000000  -0.00017506
269.00000000  -0.01081565
270.00000000   0.00844188
271.00000000  -0.01325351
272.00000000   0.00041400
273.00000000   0.00045337
274.00000000   0.01301260
275.00000000   0.00885274
276.00000000  -0.01502478
277.00000000  -0.00149470
278.00000000   0.00456907
279.00000000  -0.01031211
280.00000000  -0.00909792
281.00000000   0.00731477
282.00000000  -0.00801005
283.00000000   0.01120442
284.00000000   0.03584665
285.00000000   0.00785202
286.00000000   0.00248883
287.00000000  -0.00821354
288.00000000  -0.00761489
289.00000000   0.01667209
290.00000000  -0.00425016
291.00000000  -0.01398586
292.00000000  -0.00035100
293.00000000   0.00026967
294.00000000  -0.01544426
295.00000000   0.01185794
296.00000000  -0.00259895
297.00000000   0.01113279
298.00000000   0.00132278
299.00000000   0.01462991
300.00000000   0.03257261
301.00000000  -0.02127154
302.00000000   0.01140545
303.00000000   0.00094569
304.00000000  -0.00617153
305.00000000   0.01122822
306.00000000   0.00200952
307.00000000  -0.00792793
308.00000000   0.00501776
309.00000000   0.00166724
310.00000000   0.00658661
311.00000000  -0.00048018
312.00000000  -0.00873071
313.00000000   0.00815398
314.00000000   0.01689651
315.00000000  -0.02540376
316.00000000  -0.01486540
317.00000000   0.00369050
318.00000000   0.01569125
319.00000000  -0.00503342
320.00000000  -0.00942942
321.00000000   0.00674598
322.00000000  -0.00770496
323.00000000   0.00049978
324.00000000  -0.02223214
325.00000000   0.00139210
326.00000000   0.00054923
327.00000000  -0.01345241
328.00000000  -0.00968725
329.00000000  -0.00874467
330.00000000  -0.00348275
331.00000000   0.01173402
332.00000000  -0.01725253
333.00000000   0.00520786
334.00000000  -0.00786314
335.00000000   0.00432550
336.00000000  -0.02068318
337.00000000   0.00642458
338.00000000  -0.00840233
339.00000000  -0.01954395
340.00000000   0.01836885
341.00000000   0.00052161
342.00000000  -0.01840641
343.00000000  -0.01585886
344.00000000   0.00465963
345.00000000  -0.01062082
346.00000000   0.00633390
347.00000000  -0.01124583
348.00000000  -0.00017880
349.00000000  -0.01107215
350.00000000  -0.01806100
351.00000000  -0.00261593
352.00000000  -0.00257881
353.00000000  -0.00096297
354.00000000   0.01178887
355.00000000  -0.01725672
356.00000000   0.01784167
357.00000000  -0.00686751
358.00000000   0.00184529
359.00000000   0.01172478
360.00000000  -0.00269355
361.00000000  -0.00096875
362.00000000   0.00119038
363.00000000  -0.00220846
364.00000000  -0.00762057
365.00000000  -0.00452821
366.00000000  -0.00865708
367.00000000   0.02411144
368.00000000   0.00863221
369.00000000   0.00349375
370.00000000   0.00905193
371.00000000  -0.00579443
372.00000000   0.01250117
373.00000000   0.00037988
374.00000000   0.01422429
375.00000000   0.00204311
376.00000000  -0.00679035
377.00000000  -0.00047394
378.00000000  -0.00180222
379.00000000   0.00028240
380.00000000   0.00573254
381.00000000  -0.00600539
382.00000000  -0.00668313
383.00000000   0.01668474
384.00000000  -0.00833959
385.00000000   0.00623390
386.00000000   0.01561935
387.00000000  -0.01553107
388.00000000  -0.00582609
389.00000000   0.01146436
390.00000000  -0.00177605
391.00000000   0.00868288
392.00000000   0.01707573
393.00000000   0.00389460
394.00000000   0.00971398
395.00000000   0.00649352
396.00000000  -0.00703532
397.00000000  -0.01112514
398.00000000  -0.00191426
399.00000000  -0.00471712
400.00000000  -0.00051991
401.00000000  -0.00126876
402.00000000  -0.00511966
403.00000000  -0.01374319
404.00000000  -0.00515481
405.00000000  -0.00915820
406.00000000   0.00027705
407.00000000   0.00009698
408.00000000  -0.00598121
409.00000000   0.00876300
410.00000000  -0.00949279
411.00000000  -0.00294122
412.00000000   0.00416884
413.00000000  -0.00518860
414.00000000   0.00236687
415.00000000  -0.00770049
416.00000000  -0.01848805
417.00000000   0.00863851
418.00000000   0.01762652
419.00000000  -0.00315921
420.00000000   0.01706369
421.00000000   0.01222300
422.00000000   0.00800733
423.00000000  -0.00703217
424.00000000  -0.01290195
425.00000000   0.01482010
426.00000000   0.00063623
427.00000000  -0.00720700
428.00000000   0.00605313
429.00000000  -0.02021226
430.00000000   0.00135061
431.00000000   0.00098179
432.00000000  -0.00351604
433.00000000  -0.00003194
434.00000000  -0.00920749
435.00000000  -0.01327198
436.00000000  -0.00306224
437.00000000  -0.00545337
438.00000000   0.01071917
439.00000000   0.00639349
440.00000000  -0.00961751
441.00000000  -0.00416594
442.00000000   0.00081949
443.00000000   0.00911346
444.00000000  -0.00348890
445.00000000  -0.01320611
446.00000000  -0.00071577
447.00000000   0.00329370
448.00000000   0.00039064
449.00000000   0.00644834
450.00000000  -0.00135141
451.00000000  -0.00275137
452.00000000  -0.01468048
453.00000000  -0.00411715
454.00000000   0.02088141
455.00000000  -0.00214567
456.00000000   0.02178197
457.00000000   0.00783960
458.00000000  -0.00213521
459.00000000   0.01371056
460.00000000  -0.00414097
461.00000000  -0.01014199
462.00000000   0.00485594
463.00000000  -0.01534597
464.00000000  -0.00087502
465.00000000  -0.01103363
466.00000000   0.02248648
467.00000000  -0.00446884
468.00000000  -0.01037199
469.00000000  -0.01565320
470.00000000  -0.00665885
471.00000000   0.00708205
472.00000000   0.01634143
473.00000000  -0.01667896
474.00000000   0.00303396
475.00000000  -0.00369418
476.00000000  -0.00541388
477.00000000  -0.00599553
478.00000000  -0.00093546
479.00000000  -0.00070500
480.00000000  -0.01005932
481.00000000  -0.01028294
482.00000000  -0.00400903
483.00000000   0.00103749
484.00000000  -0.00811084
485.00000000  -0.00889060
486.00000000  -0.00063443
487.00000000  -0.00147379
488.00000000   0.00382299
489.00000000   0.01039283
490.00000000   0.01442091
491.00000000   0.00791333
492.00000000  -0.00140594
493.00000000  -0.00966866
494.00000000  -0.00524956
495.00000000  -0.01210203
496.00000000   0.00320004
497.00000000  -0.00879894
498.00000000   0.00146287
499.00000000  -0.00899523
500.00000000  -0.00960190
501.00000000  -0.00041297
502.00000000  -0.01580041
503.00000000   0.00488897
504.00000000   0.01423073
505.00000000  -0.00636290
506.00000000   0.01758035
507.00000000  -0.00298070
508.00000000   0.00813348
509.00000000  -0.00523250
510.00000000  -0.00666876
511.00000000  -0.01423537
512.00000000  -0.00049727
513.00000000  -0.00581478
514.00000000  -0.00604799
515.00000000   0.00775763
516.00000000  -0.00461632
517.00000000   0.00080331
518.00000000  -0.00086037
519.00000000   0.01001374
520.00000000  -0.00213290
521.00000000   0.00424363
522.00000000  -0.00151701
523.00000000   0.01496868
524.00000000   0.00633579
525.00000000   0.00410360
526.00000000   0.00326472
527.00000000   0.01337731
528.00000000   0.00135196
529.00000000   0.00547561
530.00000000  -0.00818915
531.00000000  -0.00723130
532.00000000  -0.00695901
533.00000000  -0.00300280
534.00000000   0.00783086
535.00000000   0.00378191
536.00000000   0.00585545
537.00000000  -0.00437218
538.00000000  -0.00712709
539.00000000   0.01063476
540.00000000   0.00938744
541.00000000  -0.00760241
542.00000000   0.02016316
543.00000000   0.00955409
544.00000000   0.00741341
545.00000000  -0.00563398
546.00000000  -0.00946503
547.00000000   0.01907069
548.00000000  -0.00624328
549.00000000   0.02384586
550.00000000  -0.00066216
551.00000000  -0.01165925
552.00000000   0.00963026
553.00000000   0.01147792
554.00000000   0.00888159
555.00000000  -0.00254826
556.00000000  -0.00359601
557.00000000   0.00743996
558.00000000   0.00506344
559.00000000   0.01627234
560.00000000  -0.01196962
561.00000000  -0.01063190
562.00000000  -0.00859613
563.00000000   0.00234373
564.00000000  -0.00140189
565.00000000  -0.01137886
566.00000000  -0.00154798
567.00000000  -0.00762980
568.00000000  -0.00975622
569.00000000   0.00119345
570.00000000   0.00097905
571.00000000   0.00191028
572.00000000  -0.00995211
573.00000000  -0.00751708
574.00000000   0.00532138
575.00000000  -0.00913762
576.00000000  -0.02097691
577.00000000  -0.00236084
578.00000000  -0.00982824
579.00000000   0.00762432
580.00000000   0.00672557
581.00000000  -0.00443548
582.00000000  -0.00695989
583.00000000  -0.00507706
584.00000000   0.01936823
585.00000000   0.00326443
586.00000000  -0.00002495
587.00000000  -0.00820996
588.00000000  -0.00287208
589.00000000   0.00298225
590.00000000  -0.01498051
591.00000000   0.00539788
592.00000000  -0.00049579
593.00000000   0.01274012
594.00000000  -0.00097056
595.00000000   0.01793636
596.00000000  -0.00744791
597.00000000  -0.00473155
598.00000000  -0.01295391
599.00000000  -0.01706290
600.00000000   0.00043272
601.00000000  -0.00842138
602.00000000  -0.00348409
603.00000000   0.00912060
604.00000000  -0.01057240
605.00000000  -0.01760940
606.00000000   0.00324634
607.00000000   0.00794591
608.00000000  -0.00970956
609.00000000   0.01180560
610.00000000  -0.01349260
611.00000000   0.00403778
612.00000000   0.00478962
613.00000000  -0.00269927
614.00000000   0.00928642
615.00000000   0.00710092
616.00000000  -0.01902144
617.00000000   0.00786380
618.00000000  -0.00363943
619.00000000   0.00341301
620.00000000   0.00173887
621.00000000  -0.02088754
622.00000000  -0.01763311
623.00000000   0.00814726
624.00000000   0.00916308
625.00000000  -0.00772202
626.00000000   0.02083717
627.00000000  -0.01365421
628.00000000   0.00849501
629.00000000  -0.01185634
630.00000000   0.00661913
631.00000000  -0.00000936
632.00000000   0.00326532
633.00000000  -0.00792168
634.00000000  -0.00848115
635.00000000  -0.00144122
636.00000000  -0.00706717
637.00000000   0.00149732
638.00000000   0.02341548
639.00000000  -0.01624312
640.00000000  -0.00409164
641.00000000   0.02511713
642.00000000   0.00750607
643.00000000   0.01024186
644.00000000  -0.00465081
645.00000000   0.00811980
646.00000000  -0.00115393
647.00000000   0.00008390
648.00000000  -0.00949860
649.00000000   0.01914432
650.00000000   0.01378639
651.00000000   0.01274925
652.00000000  -0.01197817
653.00000000  -0.00984794
654.00000000  -0.00160546
655.00000000  -0.00996178
656.00000000   0.00323861
657.00000000  -0.00946307
658.00000000   0.02394203
659.00000000  -0.00766998
660.00000000  -0.00772437
661.00000000  -0.00926868
662.00000000  -0.00432373
663.00000000  -0.02291643
664.00000000  -0.00812916
665.00000000  -0.00892945
666.00000000  -0.01037532
667.00000000  -0.00563856
668.00000000   0.01395883
669.00000000   0.00064230
670.00000000  -0.00591555
671.00000000  -0.00360459
672.00000000   0.01163991
673.00000000   0.00613145
674.00000000   0.00428733
675.00000000  -0.01214219
676.00000000  -0.01283281
677.00000000  -0.00710886
678.00000000  -0.02052095
679.00000000  -0.00875617
680.00000000   0.01374699
681.00000000   0.00096742
682.00000000   0.03109832
683.00000000   0.00297709
684.00000000  -0.01895808
685.00000000  -0.00178405
686.00000000  -0.00879369
687.00000000  -0.01005275
688.00000000   0.00506794
689.00000000   0.00188847
690.00000000   0.00388721
691.00000000   0.00493474
692.00000000   0.01215488
693.00000000  -0.00155233
694.00000000  -0.00448126
695.00000000  -0.01827712
696.00000000  -0.00752219
697.00000000   0.01370195
698.00000000  -0.00883831
699.00000000  -0.01852543
700.00000000  -0.01250076
701.00000000   0.00227519
702.00000000  -0.00734763
703.00000000  -0.02326782
704.00000000  -0.00567215
705.00000000  -0.01316722
706.00000000   0.01081668
707.00000000   0.01843230
708.00000000  -0.01496213
709.00000000  -0.00749469
710.00000000  -0.01277482
711.00000000   0.00593848
712.00000000   0.01042286
713.00000000  -0.00741932
714.00000000   0.00650186
715.00000000   0.00207427
716.00000000  -0.00111307
717.00000000  -0.00511910
718.00000000  -0.00285942
719.00000000  -0.01376779
720.00000000   0.01507175
721.00000000  -0.00734366
722.00000000   0.01730074
723.00000000   0.00424523
724.00000000  -0.00952003
725.00000000  -0.00887804
726.00000000   0.00713488
727.00000000  -0.00209639
728.00000000   0.00152737
729.00000000  -0.00459253
730.00000000  -0.01052635
731.00000000  -0.00440085
732.00000000   0.03485660
733.00000000  -0.00589882
734.00000000  -0.00415146
735.00000000   0.00387053
736.00000000  -0.03263768
737.00000000   0.00040659
738.00000000   0.01382236
739.00000000   0.00025780
740.00000000   0.00917061
741.00000000   0.01651127
742.00000000  -0.00382620
743.00000000  -0.01686345
744.00000000  -0.01295463
745.00000000   0.00588047
746.00000000  -0.00437398
747.00000000   0.00859281
748.00000000   0.00890719
749.00000000  -0.02847546
750.00000000  -0.00111495
751.00000000  -0.01081359
752.00000000  -0.01693064
753.00000000   0.01780232
754.00000000  -0.01498727
755.00000000  -0.00993540
756.00000000  -0.00633373
757.00000000  -0.00414166
758.00000000   0.00498600
759.00000000  -0.01866097
760.00000000   0.00787951
761.00000000   0.01232922
762.00000000  -0.00347635
763.00000000  -0.00849695
764.00000000   0.00021529
765.00000000  -0.00057155
766.00000000  -0.00002553
767.00000000  -0.00481628
768.00000000   0.00162607
769.00000000   0.00460792
770.00000000   0.01191308
771.00000000  -0.01348279
772.00000000   0.01160790
773.00000000  -0.01538477
774.00000000   0.01178044
775.00000000  -0.01404793
776.00000000   0.00602620
777.00000000  -0.00276318
778.00000000   0.00894497
779.00000000  -0.00771657
780.00000000   0.00964768
781.00000000  -0.00104767
782.00000000  -0.01581291
783.00000000  -0.00151189
784.00000000   0.00914667
785.00000000   0.01446445
786.00000000  -0.00795321
787.00000000  -0.00878685
788.00000000   0.01018770
789.00000000   0.00065814
790.00000000  -0.01020435
791.00000000  -0.01765913
792.00000000   0.00711863
793.00000000  -0.01899232
794.00000000   0.01036682
795.00000000  -0.00524478
796.00000000   0.01560893
797.00000000  -0.01356484
798.00000000  -0.00892047
799.00000000  -0.00752323
800.00000000  -0.00349428
801.00000000   0.00170434
802.00000000   0.00131749
803.00000000   0.00200315
804.00000000  -0.00689627
805.00000000  -0.00788079
806.00000000   0.00590724
807.00000000   0.02517213
808.00000000  -0.00777932
809.00000000   0.01511065
810.00000000  -0.01094857
811.00000000  -0.00524627
812.00000000  -0.00181239
813.00000000  -0.00257075
814.00000000   0.01281447
815.00000000  -0.00835733
816.00000000   0.00599809
817.00000000  -0.01571283
818.00000000   0.00845540
819.00000000  -0.01145929
820.00000000  -0.00334270
821.00000000   0.00696201
822.00000000  -0.00067303
823.00000000   0.00424635
824.00000000   0.01101133
825.00000000   0.00658414
826.00000000  -0.00869543
827.00000000   0.01052371
828.00000000   0.01323819
829.00000000   0.00442777
830.00000000   0.00450400
831.00000000   0.00731994
832.00000000  -0.00024142
833.00000000   0.00238669
834.00000000  -0.00116196
835.00000000   0.00614031
836.00000000   0.00643745
837.00000000   0.01458829
838.00000000  -0.01770529
839.00000000   0.00518680
840.00000000  -0.00624532
841.00000000  -0.00102568
842.00000000   0.00432492
843.00000000  -0.00514030
844.00000000   0.00115695
845.00000000   0.00762368
846.00000000   0.00505620
847.00000000  -0.00109651
848.00000000  -0.00105655
849.00000000   0.00465501
850.00000000  -0.00467868
851.00000000  -0.01005824
852.00000000   0.01896164
853.00000000   0.00300072
854.00000000  -0.01121866
855.00000000  -0.01082028
856.00000000   0.01563061
857.00000000   0.00528545
858.00000000   0.00399386
859.00000000   0.00770812
860.00000000  -0.00655514
861.00000000  -0.01827594
862.00000000  -0.01221165
863.00000000   0.00909851
864.00000000   0.00932641
865.00000000  -0.00606472
866.00000000  -0.00352564
867.00000000  -0.00416242
868.00000000   0.00098448
869.00000000   0.01402177
870.00000000  -0.00253976
871.00000000  -0.00402183
872.00000000  -0.00531920
873.00000000  -0.00742037
874.00000000   0.00453644
875.00000000   0.01002908
876.00000000   0.01658492
877.00000000   0.03123421
878.00000000   0.02098219
879.00000000  -0.01545072
880.00000000  -0.01700825
881.00000000  -0.01326102
882.00000000  -0.00189593
883.00000000  -0.00011804
884.00000000   0.01955804
885.00000000   0.00040695
886.00000000  -0.00847862
887.00000000  -0.01167143
888.00000000  -0.00030391
889.00000000   0.01020181
890.00000000  -0.02116523
891.00000000  -0.00031323
892.00000000  -0.01226409
893.00000000  -0.01583612
894.00000000  -0.00396061
895.00000000   0.01616701
896.00000000  -0.00151976
897.00000000   0.00187244
898.00000000   0.01813903
899.00000000  -0.01457273
900.00000000  -0.00093727
901.00000000   0.00558143
902.00000000  -0.00266731
903.00000000  -0.00977689
904.00000000   0.01159986
905.00000000  -0.00552952
906.00000000  -0.02034308
907.00000000  -0.00069206
908.00000000   0.01611268
909.00000000  -0.00658052
910.00000000   0.02381495
911.00000000  -0.01216608
912.00000000   0.01124611
913.00000000   0.00721010
914.00000000   0.00368597
915.00000000   0.00446503
916.00000000   0.01545360
917.00000000  -0.00466451
918.00000000  -0.00676995
919.00000000   0.00090391
920.00000000  -0.00916475
921.00000000   0.01607501
922.00000000  -0.00542396
923.00000000   0.00422714
924.00000000   0.00041426
925.00000000  -0.01120169
926.00000000   0.00245841
927.00000000  -0.00721991
928.00000000  -0.00895217
929.00000000   0.01562340
930.00000000  -0.01069749
931.00000000  -0.01571659
932.00000000   0.01586762
933.00000000   0.02082156
934.00000000   0.00228030
935.00000000  -0.00786442
936.00000000  -0.01273026
937.00000000   0.01154913
938.00000000   0.01157392
939.00000000   0.00399643
940.00000000   0.00639852
941.00000000   0.00738262
942.00000000  -0.00066086
943.00000000  -0.01168496
944.00000000  -0.00049062
945.00000000   0.01072062
946.00000000   0.00180788
947.00000000  -0.02306231
948.00000000  -0.00210852
949.00000000   0.00119538
950.00000000  -0.00739393
951.00000000  -0.00073890
952.00000000  -0.01133351
953.00000000   0.00460162
954.00000000  -0.00283403
955.00000000   0.01182964
956.00000000   0.00489191
957.00000000   0.02073914
958.00000000   0.00333709
959.00000000  -0.00991753
960.00000000  -0.00448053
961.00000000   0.01099828
962.00000000  -0.00591672
963.00000000  -0.02255418
964.00000000  -0.00850156
965.00000000   0.00313294
966.00000000  -0.00398449
967.00000000  -0.00673444
968.00000000   0.00301061
969.00000000   0.01553502
970.00000000  -0.01840581
971.00000000  -0.00661881
972.00000000  -0.00319372
973.00000000   0.00216907
974.00000000   0.00365811
975.00000000   0.00667930
976.00000000  -0.00388029
977.00000000  -0.00473887
978.00000000  -0.00642441
979.00000000  -0.01197252
980.00000000   0.00727425
981.00000000   0.00625842
982.00000000   0.01624481
983.00000000  -0.00483621
984.00000000  -0.00667367
985.00000000  -0.00071992
986.00000000  -0.00026237
987.00000000   0.00300169
988.00000000  -0.01459471
989.00000000   0.00481572
990.00000000  -0.00356089
991.00000000   0.01164628
992.00000000  -0.00636312
993.00000000   0.00073701
994.00000000  -0.00722539
995.00000000  -0.01126664
996.00000000  -0.00307964
997.00000000   0.00069717
998.00000000  -0.00896145
999.00000000   0.00834087
