This is pdfTeX, Version 3.1415926-2.5-1.40.14 (TeX Live 2013/Debian) (format=pdflatex 2014.2.1)  3 MAY 2014 17:39
entering extended mode
 \write18 enabled.
 %&-line parsing enabled.
**teoerg
(./teoerg.tex
LaTeX2e <2011/06/27>
Babel <3.9f> and hyphenation patterns for 10 languages loaded.
(/usr/share/texlive/texmf-dist/tex/latex/base/report.cls
Document Class: report 2007/10/19 v1.4h Standard LaTeX document class
(/usr/share/texlive/texmf-dist/tex/latex/base/size12.clo
File: size12.clo 2007/10/19 v1.4h Standard LaTeX file (size option)
)
\c@part=\count79
\c@chapter=\count80
\c@section=\count81
\c@subsection=\count82
\c@subsubsection=\count83
\c@paragraph=\count84
\c@subparagraph=\count85
\c@figure=\count86
\c@table=\count87
\abovecaptionskip=\skip41
\belowcaptionskip=\skip42
\bibindent=\dimen102
)
(/usr/share/texlive/texmf-dist/tex/latex/geometry/geometry.sty
Package: geometry 2010/09/12 v5.6 Page Geometry

(/usr/share/texlive/texmf-dist/tex/latex/graphics/keyval.sty
Package: keyval 1999/03/16 v1.13 key=value parser (DPC)
\KV@toks@=\toks14
)
(/usr/share/texlive/texmf-dist/tex/generic/oberdiek/ifpdf.sty
Package: ifpdf 2011/01/30 v2.3 Provides the ifpdf switch (HO)
Package ifpdf Info: pdfTeX in PDF mode is detected.
)
(/usr/share/texlive/texmf-dist/tex/generic/oberdiek/ifvtex.sty
Package: ifvtex 2010/03/01 v1.5 Detect VTeX and its facilities (HO)
Package ifvtex Info: VTeX not detected.
)
(/usr/share/texlive/texmf-dist/tex/generic/ifxetex/ifxetex.sty
Package: ifxetex 2010/09/12 v0.6 Provides ifxetex conditional
)
\Gm@cnth=\count88
\Gm@cntv=\count89
\c@Gm@tempcnt=\count90
\Gm@bindingoffset=\dimen103
\Gm@wd@mp=\dimen104
\Gm@odd@mp=\dimen105
\Gm@even@mp=\dimen106
\Gm@layoutwidth=\dimen107
\Gm@layoutheight=\dimen108
\Gm@layouthoffset=\dimen109
\Gm@layoutvoffset=\dimen110
\Gm@dimlist=\toks15
)
(/usr/share/texlive/texmf-dist/tex/latex/base/fontenc.sty
Package: fontenc 2005/09/27 v1.99g Standard LaTeX package

(/usr/share/texlive/texmf-dist/tex/latex/base/t1enc.def
File: t1enc.def 2005/09/27 v1.99g Standard LaTeX file
LaTeX Font Info:    Redeclaring font encoding T1 on input line 43.
))
(/usr/share/texmf/tex/latex/lm/lmodern.sty
Package: lmodern 2009/10/30 v1.6 Latin Modern Fonts
LaTeX Font Info:    Overwriting symbol font `operators' in version `normal'
(Font)                  OT1/cmr/m/n --> OT1/lmr/m/n on input line 22.
LaTeX Font Info:    Overwriting symbol font `letters' in version `normal'
(Font)                  OML/cmm/m/it --> OML/lmm/m/it on input line 23.
LaTeX Font Info:    Overwriting symbol font `symbols' in version `normal'
(Font)                  OMS/cmsy/m/n --> OMS/lmsy/m/n on input line 24.
LaTeX Font Info:    Overwriting symbol font `largesymbols' in version `normal'
(Font)                  OMX/cmex/m/n --> OMX/lmex/m/n on input line 25.
LaTeX Font Info:    Overwriting symbol font `operators' in version `bold'
(Font)                  OT1/cmr/bx/n --> OT1/lmr/bx/n on input line 26.
LaTeX Font Info:    Overwriting symbol font `letters' in version `bold'
(Font)                  OML/cmm/b/it --> OML/lmm/b/it on input line 27.
LaTeX Font Info:    Overwriting symbol font `symbols' in version `bold'
(Font)                  OMS/cmsy/b/n --> OMS/lmsy/b/n on input line 28.
LaTeX Font Info:    Overwriting symbol font `largesymbols' in version `bold'
(Font)                  OMX/cmex/m/n --> OMX/lmex/m/n on input line 29.
LaTeX Font Info:    Overwriting math alphabet `\mathbf' in version `normal'
(Font)                  OT1/cmr/bx/n --> OT1/lmr/bx/n on input line 31.
LaTeX Font Info:    Overwriting math alphabet `\mathsf' in version `normal'
(Font)                  OT1/cmss/m/n --> OT1/lmss/m/n on input line 32.
LaTeX Font Info:    Overwriting math alphabet `\mathit' in version `normal'
(Font)                  OT1/cmr/m/it --> OT1/lmr/m/it on input line 33.
LaTeX Font Info:    Overwriting math alphabet `\mathtt' in version `normal'
(Font)                  OT1/cmtt/m/n --> OT1/lmtt/m/n on input line 34.
LaTeX Font Info:    Overwriting math alphabet `\mathbf' in version `bold'
(Font)                  OT1/cmr/bx/n --> OT1/lmr/bx/n on input line 35.
LaTeX Font Info:    Overwriting math alphabet `\mathsf' in version `bold'
(Font)                  OT1/cmss/bx/n --> OT1/lmss/bx/n on input line 36.
LaTeX Font Info:    Overwriting math alphabet `\mathit' in version `bold'
(Font)                  OT1/cmr/bx/it --> OT1/lmr/bx/it on input line 37.
LaTeX Font Info:    Overwriting math alphabet `\mathtt' in version `bold'
(Font)                  OT1/cmtt/m/n --> OT1/lmtt/m/n on input line 38.
)
(/usr/share/texlive/texmf-dist/tex/generic/babel/babel.sty
Package: babel 2013/05/16 v3.9f The Babel package

(/usr/share/texlive/texmf-dist/tex/generic/babel-portuges/portuges.ldf
Language: portuges 2008/03/18 v1.2q Portuguese support from the babel system

(/usr/share/texlive/texmf-dist/tex/generic/babel/babel.def
File: babel.def 2013/05/16 v3.9f Babel common definitions
\babel@savecnt=\count91
\U@D=\dimen111
)
\l@brazil = a dialect from \language\l@portuges 
Package babel Info: Making " an active character on input line 145.
))
(/usr/share/texlive/texmf-dist/tex/latex/amsfonts/amsfonts.sty
Package: amsfonts 2013/01/14 v3.01 Basic AMSFonts support
\@emptytoks=\toks16
\symAMSa=\mathgroup4
\symAMSb=\mathgroup5
LaTeX Font Info:    Overwriting math alphabet `\mathfrak' in version `bold'
(Font)                  U/euf/m/n --> U/euf/b/n on input line 106.
)
(/usr/share/texlive/texmf-dist/tex/latex/amsfonts/amssymb.sty
Package: amssymb 2013/01/14 v3.01 AMS font symbols
)
(/usr/share/texlive/texmf-dist/tex/latex/graphics/graphicx.sty
Package: graphicx 1999/02/16 v1.0f Enhanced LaTeX Graphics (DPC,SPQR)

(/usr/share/texlive/texmf-dist/tex/latex/graphics/graphics.sty
Package: graphics 2009/02/05 v1.0o Standard LaTeX Graphics (DPC,SPQR)

(/usr/share/texlive/texmf-dist/tex/latex/graphics/trig.sty
Package: trig 1999/03/16 v1.09 sin cos tan (DPC)
)
(/usr/share/texlive/texmf-dist/tex/latex/latexconfig/graphics.cfg
File: graphics.cfg 2010/04/23 v1.9 graphics configuration of TeX Live
)
Package graphics Info: Driver file: pdftex.def on input line 91.

(/usr/share/texlive/texmf-dist/tex/latex/pdftex-def/pdftex.def
File: pdftex.def 2011/05/27 v0.06d Graphics/color for pdfTeX

(/usr/share/texlive/texmf-dist/tex/generic/oberdiek/infwarerr.sty
Package: infwarerr 2010/04/08 v1.3 Providing info/warning/error messages (HO)
)
(/usr/share/texlive/texmf-dist/tex/generic/oberdiek/ltxcmds.sty
Package: ltxcmds 2011/11/09 v1.22 LaTeX kernel commands for general use (HO)
)
\Gread@gobject=\count92
))
\Gin@req@height=\dimen112
\Gin@req@width=\dimen113
)
(/usr/share/texlive/texmf-dist/tex/latex/hyphenat/hyphenat.sty
Package: hyphenat 2009/09/02 v2.3c hyphenation utilities
\langwohyphens=\language11
LaTeX Info: Redefining \_ on input line 43.
)
(/usr/share/texlive/texmf-dist/tex/latex/setspace/setspace.sty
Package: setspace 2011/12/19 v6.7a set line spacing
)
(/usr/share/texlive/texmf-dist/tex/latex/stmaryrd/stmaryrd.sty
Package: stmaryrd 1994/03/03 St Mary's Road symbol package
\symstmry=\mathgroup6
LaTeX Font Info:    Overwriting symbol font `stmry' in version `bold'
(Font)                  U/stmry/m/n --> U/stmry/b/n on input line 89.
)
(/usr/share/texlive/texmf-dist/tex/latex/was/upgreek.sty
Package: upgreek 2003/02/12 v2.0 (WaS)
Package upgreek Info: Using Euler Roman for upright Greek on input line 31.
\symugrf@m=\mathgroup7
LaTeX Font Info:    Overwriting symbol font `ugrf@m' in version `bold'
(Font)                  U/eur/m/n --> U/eur/b/n on input line 38.
)
(/usr/share/texlive/texmf-dist/tex/latex/amsmath/amsmath.sty
Package: amsmath 2013/01/14 v2.14 AMS math features
\@mathmargin=\skip43

For additional information on amsmath, use the `?' option.
(/usr/share/texlive/texmf-dist/tex/latex/amsmath/amstext.sty
Package: amstext 2000/06/29 v2.01

(/usr/share/texlive/texmf-dist/tex/latex/amsmath/amsgen.sty
File: amsgen.sty 1999/11/30 v2.0
\@emptytoks=\toks17
\ex@=\dimen114
))
(/usr/share/texlive/texmf-dist/tex/latex/amsmath/amsbsy.sty
Package: amsbsy 1999/11/29 v1.2d
\pmbraise@=\dimen115
)
(/usr/share/texlive/texmf-dist/tex/latex/amsmath/amsopn.sty
Package: amsopn 1999/12/14 v2.01 operator names
)
\inf@bad=\count93
LaTeX Info: Redefining \frac on input line 210.
\uproot@=\count94
\leftroot@=\count95
LaTeX Info: Redefining \overline on input line 306.
\classnum@=\count96
\DOTSCASE@=\count97
LaTeX Info: Redefining \ldots on input line 378.
LaTeX Info: Redefining \dots on input line 381.
LaTeX Info: Redefining \cdots on input line 466.
\Mathstrutbox@=\box26
\strutbox@=\box27
\big@size=\dimen116
LaTeX Font Info:    Redeclaring font encoding OML on input line 566.
LaTeX Font Info:    Redeclaring font encoding OMS on input line 567.
\macc@depth=\count98
\c@MaxMatrixCols=\count99
\dotsspace@=\muskip10
\c@parentequation=\count100
\dspbrk@lvl=\count101
\tag@help=\toks18
\row@=\count102
\column@=\count103
\maxfields@=\count104
\andhelp@=\toks19
\eqnshift@=\dimen117
\alignsep@=\dimen118
\tagshift@=\dimen119
\tagwidth@=\dimen120
\totwidth@=\dimen121
\lineht@=\dimen122
\@envbody=\toks20
\multlinegap=\skip44
\multlinetaggap=\skip45
\mathdisplay@stack=\toks21
LaTeX Info: Redefining \[ on input line 2665.
LaTeX Info: Redefining \] on input line 2666.
)
(/usr/share/texlive/texmf-dist/tex/latex/mh/mathtools.sty
Package: mathtools 2013/02/12 v1.13 mathematical typesetting tools

(/usr/share/texlive/texmf-dist/tex/latex/tools/calc.sty
Package: calc 2007/08/22 v4.3 Infix arithmetic (KKT,FJ)
\calc@Acount=\count105
\calc@Bcount=\count106
\calc@Adimen=\dimen123
\calc@Bdimen=\dimen124
\calc@Askip=\skip46
\calc@Bskip=\skip47
LaTeX Info: Redefining \setlength on input line 76.
LaTeX Info: Redefining \addtolength on input line 77.
\calc@Ccount=\count107
\calc@Cskip=\skip48
)
(/usr/share/texlive/texmf-dist/tex/latex/mh/mhsetup.sty
Package: mhsetup 2010/01/21 v1.2a programming setup (MH)
)
LaTeX Info: Thecontrolsequence`\['isalreadyrobust on input line 129.
LaTeX Info: Thecontrolsequence`\]'isalreadyrobust on input line 129.
\g_MT_multlinerow_int=\count108
\l_MT_multwidth_dim=\dimen125
\origjot=\skip49
\l_MT_shortvdotswithinadjustabove_dim=\dimen126
\l_MT_shortvdotswithinadjustbelow_dim=\dimen127
\l_MT_above_intertext_sep=\dimen128
\l_MT_below_intertext_sep=\dimen129
\l_MT_above_shortintertext_sep=\dimen130
\l_MT_below_shortintertext_sep=\dimen131
)
(/usr/share/texlive/texmf-dist/tex/latex/base/textcomp.sty
Package: textcomp 2005/09/27 v1.99g Standard LaTeX package
Package textcomp Info: Sub-encoding information:
(textcomp)               5 = only ISO-Adobe without \textcurrency
(textcomp)               4 = 5 + \texteuro
(textcomp)               3 = 4 + \textohm
(textcomp)               2 = 3 + \textestimated + \textcurrency
(textcomp)               1 = TS1 - \textcircled - \t
(textcomp)               0 = TS1 (full)
(textcomp)             Font families with sub-encoding setting implement
(textcomp)             only a restricted character set as indicated.
(textcomp)             Family '?' is the default used for unknown fonts.
(textcomp)             See the documentation for details.
Package textcomp Info: Setting ? sub-encoding to TS1/1 on input line 71.

(/usr/share/texlive/texmf-dist/tex/latex/base/ts1enc.def
File: ts1enc.def 2001/06/05 v3.0e (jk/car/fm) Standard LaTeX file
)
LaTeX Info: Redefining \oldstylenums on input line 266.
Package textcomp Info: Setting cmr sub-encoding to TS1/0 on input line 281.
Package textcomp Info: Setting cmss sub-encoding to TS1/0 on input line 282.
Package textcomp Info: Setting cmtt sub-encoding to TS1/0 on input line 283.
Package textcomp Info: Setting cmvtt sub-encoding to TS1/0 on input line 284.
Package textcomp Info: Setting cmbr sub-encoding to TS1/0 on input line 285.
Package textcomp Info: Setting cmtl sub-encoding to TS1/0 on input line 286.
Package textcomp Info: Setting ccr sub-encoding to TS1/0 on input line 287.
Package textcomp Info: Setting ptm sub-encoding to TS1/4 on input line 288.
Package textcomp Info: Setting pcr sub-encoding to TS1/4 on input line 289.
Package textcomp Info: Setting phv sub-encoding to TS1/4 on input line 290.
Package textcomp Info: Setting ppl sub-encoding to TS1/3 on input line 291.
Package textcomp Info: Setting pag sub-encoding to TS1/4 on input line 292.
Package textcomp Info: Setting pbk sub-encoding to TS1/4 on input line 293.
Package textcomp Info: Setting pnc sub-encoding to TS1/4 on input line 294.
Package textcomp Info: Setting pzc sub-encoding to TS1/4 on input line 295.
Package textcomp Info: Setting bch sub-encoding to TS1/4 on input line 296.
Package textcomp Info: Setting put sub-encoding to TS1/5 on input line 297.
Package textcomp Info: Setting uag sub-encoding to TS1/5 on input line 298.
Package textcomp Info: Setting ugq sub-encoding to TS1/5 on input line 299.
Package textcomp Info: Setting ul8 sub-encoding to TS1/4 on input line 300.
Package textcomp Info: Setting ul9 sub-encoding to TS1/4 on input line 301.
Package textcomp Info: Setting augie sub-encoding to TS1/5 on input line 302.
Package textcomp Info: Setting dayrom sub-encoding to TS1/3 on input line 303.
Package textcomp Info: Setting dayroms sub-encoding to TS1/3 on input line 304.

Package textcomp Info: Setting pxr sub-encoding to TS1/0 on input line 305.
Package textcomp Info: Setting pxss sub-encoding to TS1/0 on input line 306.
Package textcomp Info: Setting pxtt sub-encoding to TS1/0 on input line 307.
Package textcomp Info: Setting txr sub-encoding to TS1/0 on input line 308.
Package textcomp Info: Setting txss sub-encoding to TS1/0 on input line 309.
Package textcomp Info: Setting txtt sub-encoding to TS1/0 on input line 310.
Package textcomp Info: Setting lmr sub-encoding to TS1/0 on input line 311.
Package textcomp Info: Setting lmdh sub-encoding to TS1/0 on input line 312.
Package textcomp Info: Setting lmss sub-encoding to TS1/0 on input line 313.
Package textcomp Info: Setting lmssq sub-encoding to TS1/0 on input line 314.
Package textcomp Info: Setting lmvtt sub-encoding to TS1/0 on input line 315.
Package textcomp Info: Setting qhv sub-encoding to TS1/0 on input line 316.
Package textcomp Info: Setting qag sub-encoding to TS1/0 on input line 317.
Package textcomp Info: Setting qbk sub-encoding to TS1/0 on input line 318.
Package textcomp Info: Setting qcr sub-encoding to TS1/0 on input line 319.
Package textcomp Info: Setting qcs sub-encoding to TS1/0 on input line 320.
Package textcomp Info: Setting qpl sub-encoding to TS1/0 on input line 321.
Package textcomp Info: Setting qtm sub-encoding to TS1/0 on input line 322.
Package textcomp Info: Setting qzc sub-encoding to TS1/0 on input line 323.
Package textcomp Info: Setting qhvc sub-encoding to TS1/0 on input line 324.
Package textcomp Info: Setting futs sub-encoding to TS1/4 on input line 325.
Package textcomp Info: Setting futx sub-encoding to TS1/4 on input line 326.
Package textcomp Info: Setting futj sub-encoding to TS1/4 on input line 327.
Package textcomp Info: Setting hlh sub-encoding to TS1/3 on input line 328.
Package textcomp Info: Setting hls sub-encoding to TS1/3 on input line 329.
Package textcomp Info: Setting hlst sub-encoding to TS1/3 on input line 330.
Package textcomp Info: Setting hlct sub-encoding to TS1/5 on input line 331.
Package textcomp Info: Setting hlx sub-encoding to TS1/5 on input line 332.
Package textcomp Info: Setting hlce sub-encoding to TS1/5 on input line 333.
Package textcomp Info: Setting hlcn sub-encoding to TS1/5 on input line 334.
Package textcomp Info: Setting hlcw sub-encoding to TS1/5 on input line 335.
Package textcomp Info: Setting hlcf sub-encoding to TS1/5 on input line 336.
Package textcomp Info: Setting pplx sub-encoding to TS1/3 on input line 337.
Package textcomp Info: Setting pplj sub-encoding to TS1/3 on input line 338.
Package textcomp Info: Setting ptmx sub-encoding to TS1/4 on input line 339.
Package textcomp Info: Setting ptmj sub-encoding to TS1/4 on input line 340.
)
(/usr/share/texlive/texmf-dist/tex/latex/jknapltx/mathrsfs.sty
Package: mathrsfs 1996/01/01 Math RSFS package v1.0 (jk)
\symrsfs=\mathgroup8
)
(/usr/share/texlive/texmf-dist/tex/latex/tools/enumerate.sty
Package: enumerate 1999/03/05 v3.00 enumerate extensions (DPC)
\@enLab=\toks22
)
(/usr/share/texlive/texmf-dist/tex/latex/ntheorem/ntheorem.sty
Style `ntheorem', Version 1.33 <2011/08/15>
Package: ntheorem 2011/08/15 1.33
(/usr/share/texlive/texmf-dist/tex/latex/base/ifthen.sty
Package: ifthen 2001/05/26 v1.1c Standard LaTeX ifthen package (DPC)
)
\theorem@style=\toks23
\theorem@@style=\toks24
\theorembodyfont=\toks25
\theoremnumbering=\toks26
\theorempreskipamount=\skip50
\theorempostskipamount=\skip51
\theoremframepreskipamount=\skip52
\theoremframepostskipamount=\skip53
\theoreminframepreskipamount=\skip54
\theoreminframepostskipamount=\skip55
\theorem@preskip=\toks27
\theorem@postskip=\toks28
\theorem@framepreskip=\toks29
\theorem@framepostskip=\toks30
\theorem@inframepreskip=\toks31
\theorem@inframepostskip=\toks32
\theoremindent=\dimen132
\theorem@indent=\dimen133
\theoremrightindent=\dimen134
\theorem@rightindent=\dimen135
\theoremheaderfont=\toks33
\theoremseparator=\toks34
\theoremprework=\toks35
\theorempostwork=\toks36
\theoremsymbol=\toks37
\qedsymbol=\toks38
\theoremkeyword=\toks39
\qedsymbol=\toks40
\thm@topsep=\skip56
\thm@topsepadd=\skip57
)
(/usr/share/texlive/texmf-dist/tex/latex/natbib/natbib.sty
Package: natbib 2010/09/13 8.31b (PWD, AO)
\bibhang=\skip58
\bibsep=\skip59
LaTeX Info: Redefining \cite on input line 694.
\c@NAT@ctr=\count109
)
(/usr/share/texlive/texmf-dist/tex/latex/bbm-macros/bbm.sty
Package: bbm 1999/03/15 V 1.2 provides fonts for set symbols - TH
LaTeX Font Info:    Overwriting math alphabet `\mathbbm' in version `bold'
(Font)                  U/bbm/m/n --> U/bbm/bx/n on input line 33.
LaTeX Font Info:    Overwriting math alphabet `\mathbbmss' in version `bold'
(Font)                  U/bbmss/m/n --> U/bbmss/bx/n on input line 35.
)
(/usr/share/texlive/texmf-dist/tex/latex/needspace/needspace.sty
Package: needspace 2010/09/12 v1.3d reserve vertical space
)
(/usr/share/texlive/texmf-dist/tex/latex/hyperref/hyperref.sty
Package: hyperref 2012/11/06 v6.83m Hypertext links for LaTeX

(/usr/share/texlive/texmf-dist/tex/generic/oberdiek/hobsub-hyperref.sty
Package: hobsub-hyperref 2012/05/28 v1.13 Bundle oberdiek, subset hyperref (HO)


(/usr/share/texlive/texmf-dist/tex/generic/oberdiek/hobsub-generic.sty
Package: hobsub-generic 2012/05/28 v1.13 Bundle oberdiek, subset generic (HO)
Package: hobsub 2012/05/28 v1.13 Construct package bundles (HO)
Package hobsub Info: Skipping package `infwarerr' (already loaded).
Package hobsub Info: Skipping package `ltxcmds' (already loaded).
Package: ifluatex 2010/03/01 v1.3 Provides the ifluatex switch (HO)
Package ifluatex Info: LuaTeX not detected.
Package hobsub Info: Skipping package `ifvtex' (already loaded).
Package: intcalc 2007/09/27 v1.1 Expandable calculations with integers (HO)
Package hobsub Info: Skipping package `ifpdf' (already loaded).
Package: etexcmds 2011/02/16 v1.5 Avoid name clashes with e-TeX commands (HO)
Package etexcmds Info: Could not find \expanded.
(etexcmds)             That can mean that you are not using pdfTeX 1.50 or
(etexcmds)             that some package has redefined \expanded.
(etexcmds)             In the latter case, load this package earlier.
Package: kvsetkeys 2012/04/25 v1.16 Key value parser (HO)
Package: kvdefinekeys 2011/04/07 v1.3 Define keys (HO)
Package: pdftexcmds 2011/11/29 v0.20 Utility functions of pdfTeX for LuaTeX (HO
)
Package pdftexcmds Info: LuaTeX not detected.
Package pdftexcmds Info: \pdf@primitive is available.
Package pdftexcmds Info: \pdf@ifprimitive is available.
Package pdftexcmds Info: \pdfdraftmode found.
Package: pdfescape 2011/11/25 v1.13 Implements pdfTeX's escape features (HO)
Package: bigintcalc 2012/04/08 v1.3 Expandable calculations on big integers (HO
)
Package: bitset 2011/01/30 v1.1 Handle bit-vector datatype (HO)
Package: uniquecounter 2011/01/30 v1.2 Provide unlimited unique counter (HO)
)
Package hobsub Info: Skipping package `hobsub' (already loaded).
Package: letltxmacro 2010/09/02 v1.4 Let assignment for LaTeX macros (HO)
Package: hopatch 2012/05/28 v1.2 Wrapper for package hooks (HO)
Package: xcolor-patch 2011/01/30 xcolor patch
Package: atveryend 2011/06/30 v1.8 Hooks at the very end of document (HO)
Package atveryend Info: \enddocument detected (standard20110627).
Package: atbegshi 2011/10/05 v1.16 At begin shipout hook (HO)
Package: refcount 2011/10/16 v3.4 Data extraction from label references (HO)
Package: hycolor 2011/01/30 v1.7 Color options for hyperref/bookmark (HO)
)
(/usr/share/texlive/texmf-dist/tex/latex/oberdiek/auxhook.sty
Package: auxhook 2011/03/04 v1.3 Hooks for auxiliary files (HO)
)
(/usr/share/texlive/texmf-dist/tex/latex/oberdiek/kvoptions.sty
Package: kvoptions 2011/06/30 v3.11 Key value format for package options (HO)
)
\@linkdim=\dimen136
\Hy@linkcounter=\count110
\Hy@pagecounter=\count111

(/usr/share/texlive/texmf-dist/tex/latex/hyperref/pd1enc.def
File: pd1enc.def 2012/11/06 v6.83m Hyperref: PDFDocEncoding definition (HO)
)
\Hy@SavedSpaceFactor=\count112

(/usr/share/texlive/texmf-dist/tex/latex/latexconfig/hyperref.cfg
File: hyperref.cfg 2002/06/06 v1.2 hyperref configuration of TeXLive
)
Package hyperref Info: Option `colorlinks' set `true' on input line 4319.
Package hyperref Info: Hyper figures OFF on input line 4443.
Package hyperref Info: Link nesting OFF on input line 4448.
Package hyperref Info: Hyper index ON on input line 4451.
Package hyperref Info: Plain pages OFF on input line 4458.
Package hyperref Info: Backreferencing OFF on input line 4463.
Package hyperref Info: Implicit mode ON; LaTeX internals redefined.
Package hyperref Info: Bookmarks ON on input line 4688.
\c@Hy@tempcnt=\count113

(/usr/share/texlive/texmf-dist/tex/latex/url/url.sty
\Urlmuskip=\muskip11
Package: url 2006/04/12  ver 3.3  Verb mode for urls, etc.
)
LaTeX Info: Redefining \url on input line 5041.
\XeTeXLinkMargin=\dimen137
\Fld@menulength=\count114
\Field@Width=\dimen138
\Fld@charsize=\dimen139
Package hyperref Info: Hyper figures OFF on input line 6295.
Package hyperref Info: Link nesting OFF on input line 6300.
Package hyperref Info: Hyper index ON on input line 6303.
Package hyperref Info: backreferencing OFF on input line 6310.
Package hyperref Info: Link coloring ON on input line 6313.
Package hyperref Info: Link coloring with OCG OFF on input line 6320.
Package hyperref Info: PDF/A mode OFF on input line 6325.
LaTeX Info: Redefining \ref on input line 6365.
LaTeX Info: Redefining \pageref on input line 6369.
\Hy@abspage=\count115
\c@Item=\count116
\c@Hfootnote=\count117
)

Package hyperref Message: Driver: hpdftex.

(/usr/share/texlive/texmf-dist/tex/latex/hyperref/hpdftex.def
File: hpdftex.def 2012/11/06 v6.83m Hyperref driver for pdfTeX
\Fld@listcount=\count118
\c@bookmark@seq@number=\count119

(/usr/share/texlive/texmf-dist/tex/latex/oberdiek/rerunfilecheck.sty
Package: rerunfilecheck 2011/04/15 v1.7 Rerun checks for auxiliary files (HO)
Package uniquecounter Info: New unique counter `rerunfilecheck' on input line 2
82.
)
\Hy@SectionHShift=\skip60
)
(./math.tex
LaTeX Font Info:    Overwriting math alphabet `\EuScript' in version `bold'
(Font)                  U/eus/m/n --> U/eus/b/n on input line 25.
\equal=\skip61
LaTeX Font Info:    Try loading font information for OT1+lmr on input line 292.

 (/usr/share/texmf/tex/latex/lm/ot1lmr.fd
File: ot1lmr.fd 2009/10/30 v1.6 Font defs for Latin Modern
)
LaTeX Font Info:    Try loading font information for OML+lmm on input line 292.


(/usr/share/texmf/tex/latex/lm/omllmm.fd
File: omllmm.fd 2009/10/30 v1.6 Font defs for Latin Modern
)
LaTeX Font Info:    Try loading font information for OMS+lmsy on input line 292
.

(/usr/share/texmf/tex/latex/lm/omslmsy.fd
File: omslmsy.fd 2009/10/30 v1.6 Font defs for Latin Modern
)
LaTeX Font Info:    Try loading font information for OMX+lmex on input line 292
.

(/usr/share/texmf/tex/latex/lm/omxlmex.fd
File: omxlmex.fd 2009/10/30 v1.6 Font defs for Latin Modern
)
LaTeX Font Info:    External font `lmex10' loaded for size
(Font)              <12> on input line 292.
LaTeX Font Info:    External font `lmex10' loaded for size
(Font)              <8> on input line 292.
LaTeX Font Info:    External font `lmex10' loaded for size
(Font)              <6> on input line 292.
LaTeX Font Info:    Try loading font information for U+msa on input line 292.

(/usr/share/texlive/texmf-dist/tex/latex/amsfonts/umsa.fd
File: umsa.fd 2013/01/14 v3.01 AMS symbols A
)
LaTeX Font Info:    Try loading font information for U+msb on input line 292.

(/usr/share/texlive/texmf-dist/tex/latex/amsfonts/umsb.fd
File: umsb.fd 2013/01/14 v3.01 AMS symbols B
)
LaTeX Font Info:    Try loading font information for U+stmry on input line 292.


(/usr/share/texlive/texmf-dist/tex/latex/stmaryrd/Ustmry.fd)
LaTeX Font Info:    Try loading font information for U+rsfs on input line 292.

(/usr/share/texlive/texmf-dist/tex/latex/jknapltx/ursfs.fd
File: ursfs.fd 1998/03/24 rsfs font definition file (jk)
)) (./ira.tex
(/usr/share/texlive/texmf-dist/tex/latex/base/fixltx2e.sty
Package: fixltx2e 2006/09/13 v1.1m fixes to LaTeX
LaTeX Info: Redefining \em on input line 420.
LaTeX Info: The control sequence `\(' is already robust on input line 469.
LaTeX Info: The control sequence `\)' is already robust on input line 470.
LaTeX Info: The control sequence `\[' is already robust on input line 471.
LaTeX Info: The control sequence `\]' is already robust on input line 472.
))
\c@Exe=\count120
\c@Proj=\count121
\c@Teo=\count122
\c@Lema=\count123
 (./teoerg.aux)
\openout1 = `teoerg.aux'.

LaTeX Font Info:    Checking defaults for OML/cmm/m/it on input line 80.
LaTeX Font Info:    ... okay on input line 80.
LaTeX Font Info:    Checking defaults for T1/cmr/m/n on input line 80.
LaTeX Font Info:    ... okay on input line 80.
LaTeX Font Info:    Checking defaults for OT1/cmr/m/n on input line 80.
LaTeX Font Info:    ... okay on input line 80.
LaTeX Font Info:    Checking defaults for OMS/cmsy/m/n on input line 80.
LaTeX Font Info:    ... okay on input line 80.
LaTeX Font Info:    Checking defaults for OMX/cmex/m/n on input line 80.
LaTeX Font Info:    ... okay on input line 80.
LaTeX Font Info:    Checking defaults for U/cmr/m/n on input line 80.
LaTeX Font Info:    ... okay on input line 80.
LaTeX Font Info:    Checking defaults for TS1/cmr/m/n on input line 80.
LaTeX Font Info:    Try loading font information for TS1+cmr on input line 80.

(/usr/share/texlive/texmf-dist/tex/latex/base/ts1cmr.fd
File: ts1cmr.fd 1999/05/25 v2.5h Standard LaTeX font definitions
)
LaTeX Font Info:    ... okay on input line 80.
LaTeX Font Info:    Checking defaults for PD1/pdf/m/n on input line 80.
LaTeX Font Info:    ... okay on input line 80.
LaTeX Font Info:    Try loading font information for T1+lmr on input line 80.

(/usr/share/texmf/tex/latex/lm/t1lmr.fd
File: t1lmr.fd 2009/10/30 v1.6 Font defs for Latin Modern
)
*geometry* driver: auto-detecting
*geometry* detected driver: pdftex
*geometry* verbose mode - [ preamble ] result:
* driver: pdftex
* paper: a4paper
* layout: <same size as paper>
* layoutoffset:(h,v)=(0.0pt,0.0pt)
* modes: 
* h-part:(L,W,R)=(71.13188pt, 455.24411pt, 71.13188pt)
* v-part:(T,H,B)=(85.35826pt, 674.33032pt, 85.35826pt)
* \paperwidth=597.50787pt
* \paperheight=845.04684pt
* \textwidth=455.24411pt
* \textheight=674.33032pt
* \oddsidemargin=-1.1381pt
* \evensidemargin=-1.1381pt
* \topmargin=-23.91173pt
* \headheight=12.0pt
* \headsep=25.0pt
* \topskip=12.0pt
* \footskip=30.0pt
* \marginparwidth=44.0pt
* \marginparsep=10.0pt
* \columnsep=10.0pt
* \skip\footins=10.8pt plus 4.0pt minus 2.0pt
* \hoffset=0.0pt
* \voffset=0.0pt
* \mag=1000
* \@twocolumnfalse
* \@twosidefalse
* \@mparswitchfalse
* \@reversemarginfalse
* (1in=72.27pt=25.4mm, 1cm=28.453pt)

(/usr/share/texlive/texmf-dist/tex/context/base/supp-pdf.mkii
[Loading MPS to PDF converter (version 2006.09.02).]
\scratchcounter=\count124
\scratchdimen=\dimen140
\scratchbox=\box28
\nofMPsegments=\count125
\nofMParguments=\count126
\everyMPshowfont=\toks41
\MPscratchCnt=\count127
\MPscratchDim=\dimen141
\MPnumerator=\count128
\makeMPintoPDFobject=\count129
\everyMPtoPDFconversion=\toks42
) (/usr/share/texlive/texmf-dist/tex/latex/oberdiek/epstopdf-base.sty
Package: epstopdf-base 2010/02/09 v2.5 Base part for package epstopdf

(/usr/share/texlive/texmf-dist/tex/latex/oberdiek/grfext.sty
Package: grfext 2010/08/19 v1.1 Manage graphics extensions (HO)
)
Package grfext Info: Graphics extension search list:
(grfext)             [.png,.pdf,.jpg,.mps,.jpeg,.jbig2,.jb2,.PNG,.PDF,.JPG,.JPE
G,.JBIG2,.JB2,.eps]
(grfext)             \AppendGraphicsExtensions on input line 452.

(/usr/share/texlive/texmf-dist/tex/latex/latexconfig/epstopdf-sys.cfg
File: epstopdf-sys.cfg 2010/07/13 v1.3 Configuration of (r)epstopdf for TeX Liv
e
))
\AtBeginShipoutBox=\box29

(/usr/share/texlive/texmf-dist/tex/latex/graphics/color.sty
Package: color 2005/11/14 v1.0j Standard LaTeX Color (DPC)

(/usr/share/texlive/texmf-dist/tex/latex/latexconfig/color.cfg
File: color.cfg 2007/01/18 v1.5 color configuration of teTeX/TeXLive
)
Package color Info: Driver file: pdftex.def on input line 130.
)
Package hyperref Info: Link coloring ON on input line 80.

(/usr/share/texlive/texmf-dist/tex/latex/hyperref/nameref.sty
Package: nameref 2012/10/27 v2.43 Cross-referencing by name of section

(/usr/share/texlive/texmf-dist/tex/generic/oberdiek/gettitlestring.sty
Package: gettitlestring 2010/12/03 v1.4 Cleanup title references (HO)
)
\c@section@level=\count130
)
LaTeX Info: Redefining \ref on input line 80.
LaTeX Info: Redefining \pageref on input line 80.
LaTeX Info: Redefining \nameref on input line 80.

(./teoerg.out) (./teoerg.out)
\@outlinefile=\write3
\openout3 = `teoerg.out'.

LaTeX Font Info:    External font `lmex10' loaded for size
(Font)              <14.4> on input line 83.
LaTeX Font Info:    External font `lmex10' loaded for size
(Font)              <10> on input line 83.
LaTeX Font Info:    External font `lmex10' loaded for size
(Font)              <7> on input line 83.
Package babel Info: Redefining portuges shorthand "|
(babel)             in language  on input line 83.
Package babel Info: Redefining portuges shorthand "|
(babel)             in language  on input line 83.
 [1

{/var/lib/texmf/fonts/map/pdftex/updmap/pdftex.map}]
Cap\'{\i }tulo 1.
Package babel Info: Redefining portuges shorthand "|
(babel)             in language  on input line 84.

LaTeX Font Warning: Font shape `U/stmry/b/n' undefined
(Font)              using `U/stmry/m/n' instead on input line 88.

Package babel Info: Redefining portuges shorthand "|
(babel)             in language  on input line 134.
Package babel Info: Redefining portuges shorthand "|
(babel)             in language  on input line 134.
pdfTeX warning (ext4): destination with the same identifier (name{page.1}) has 
been already used, duplicate ignored
<to be read again> 
                   \relax 
l.134 
       [1

]
Package babel Info: Redefining portuges shorthand "|
(babel)             in language  on input line 180.
Package babel Info: Redefining portuges shorthand "|
(babel)             in language  on input line 180.
 [2]
Cap\'{\i }tulo 2.
Package babel Info: Redefining portuges shorthand "|
(babel)             in language  on input line 180.
Package babel Info: Redefining portuges shorthand "|
(babel)             in language  on input line 225.
Package babel Info: Redefining portuges shorthand "|
(babel)             in language  on input line 225.
[3

]
Package babel Info: Redefining portuges shorthand "|
(babel)             in language  on input line 286.
Package babel Info: Redefining portuges shorthand "|
(babel)             in language  on input line 286.
 [4]
LaTeX Font Info:    Try loading font information for TS1+lmr on input line 341.

 (/usr/share/texmf/tex/latex/lm/ts1lmr.fd
File: ts1lmr.fd 2009/10/30 v1.6 Font defs for Latin Modern
)
Package babel Info: Redefining portuges shorthand "|
(babel)             in language  on input line 348.
Package babel Info: Redefining portuges shorthand "|
(babel)             in language  on input line 348.
 [5]

Package amsmath Warning: Foreign command \atopwithdelims;
(amsmath)                \frac or \genfrac should be used instead
(amsmath)                 on input line 358.

Package babel Info: Redefining portuges shorthand "|
(babel)             in language  on input line 373.
Package babel Info: Redefining portuges shorthand "|
(babel)             in language  on input line 373.
[6]
Cap\'{\i }tulo 3.
Package babel Info: Redefining portuges shorthand "|
(babel)             in language  on input line 373.
LaTeX Font Info:    External font `lmex10' loaded for size
(Font)              <10.95> on input line 388.
Package hyperref Info: bookmark level for unknown Exe defaults to 0 on input li
ne 388.
Package babel Info: Redefining portuges shorthand "|
(babel)             in language  on input line 429.
Package babel Info: Redefining portuges shorthand "|
(babel)             in language  on input line 429.
[7

]
Package babel Info: Redefining portuges shorthand "|
(babel)             in language  on input line 483.
Package babel Info: Redefining portuges shorthand "|
(babel)             in language  on input line 483.
 [8]
Package babel Info: Redefining portuges shorthand "|
(babel)             in language  on input line 510.
Package babel Info: Redefining portuges shorthand "|
(babel)             in language  on input line 510.
 [9]
Cap\'{\i }tulo 4.
Package babel Info: Redefining portuges shorthand "|
(babel)             in language  on input line 510.
Package babel Info: Redefining portuges shorthand "|
(babel)             in language  on input line 567.
Package babel Info: Redefining portuges shorthand "|
(babel)             in language  on input line 567.
[10

]
Package babel Info: Redefining portuges shorthand "|
(babel)             in language  on input line 643.
Package babel Info: Redefining portuges shorthand "|
(babel)             in language  on input line 643.
 [11]
LaTeX Font Info:    External font `lmex10' loaded for size
(Font)              <17.28> on input line 679.
Package babel Info: Redefining portuges shorthand "|
(babel)             in language  on input line 679.


Package hyperref Warning: Token not allowed in a PDF string (PDFDocEncoding):
(hyperref)                removing `math shift' on input line 679.


Package hyperref Warning: Token not allowed in a PDF string (PDFDocEncoding):
(hyperref)                removing `\sigma' on input line 679.


Package hyperref Warning: Token not allowed in a PDF string (PDFDocEncoding):
(hyperref)                removing `math shift' on input line 679.

Package babel Info: Redefining portuges shorthand "|
(babel)             in language  on input line 698.
Package babel Info: Redefining portuges shorthand "|
(babel)             in language  on input line 698.
[12]
Package babel Info: Redefining portuges shorthand "|
(babel)             in language  on input line 700.
Package babel Info: Redefining portuges shorthand "|
(babel)             in language  on input line 700.
 [13]
Cap\'{\i }tulo 5.
Package babel Info: Redefining portuges shorthand "|
(babel)             in language  on input line 701.

Package hyperref Warning: Token not allowed in a PDF string (PDFDocEncoding):
(hyperref)                removing `math shift' on input line 701.


Package hyperref Warning: Token not allowed in a PDF string (PDFDocEncoding):
(hyperref)                removing `math shift' on input line 701.

LaTeX Font Info:    External font `lmex10' loaded for size
(Font)              <24.88> on input line 701.
LaTeX Font Info:    External font `lmex10' loaded for size
(Font)              <20.74> on input line 701.
Package babel Info: Redefining portuges shorthand "|
(babel)             in language  on input line 706.
Package babel Info: Redefining portuges shorthand "|
(babel)             in language  on input line 752.
Package babel Info: Redefining portuges shorthand "|
(babel)             in language  on input line 752.
[14

]
Package hyperref Info: bookmark level for unknown Lema defaults to 0 on input l
ine 776.
Package babel Info: Redefining portuges shorthand "|
(babel)             in language  on input line 829.
Package babel Info: Redefining portuges shorthand "|
(babel)             in language  on input line 829.
 [15]
Package babel Info: Redefining portuges shorthand "|
(babel)             in language  on input line 891.
Package babel Info: Redefining portuges shorthand "|
(babel)             in language  on input line 891.
 [16]
Package babel Info: Redefining portuges shorthand "|
(babel)             in language  on input line 953.
Package babel Info: Redefining portuges shorthand "|
(babel)             in language  on input line 953.
 [17]
Package babel Info: Redefining portuges shorthand "|
(babel)             in language  on input line 975.
Package babel Info: Redefining portuges shorthand "|
(babel)             in language  on input line 1014.
Package babel Info: Redefining portuges shorthand "|
(babel)             in language  on input line 1014.
 [18]
Package babel Info: Redefining portuges shorthand "|
(babel)             in language  on input line 1035.
Package babel Info: Redefining portuges shorthand "|
(babel)             in language  on input line 1035.
 [19]
Cap\'{\i }tulo 6.
Package babel Info: Redefining portuges shorthand "|
(babel)             in language  on input line 1036.
Package babel Info: Redefining portuges shorthand "|
(babel)             in language  on input line 1041.
Package babel Info: Redefining portuges shorthand "|
(babel)             in language  on input line 1078.
Package babel Info: Redefining portuges shorthand "|
(babel)             in language  on input line 1078.
[20

] <Xlessthanx.pdf, id=382, 372.39125pt x 402.50375pt>
File: Xlessthanx.pdf Graphic file (type pdf)
 <use Xlessthanx.pdf>
Package pdftex.def Info: Xlessthanx.pdf used on input line 1103.
(pdftex.def)             Requested size: 372.39034pt x 402.50276pt.
Package babel Info: Redefining portuges shorthand "|
(babel)             in language  on input line 1118.


Package hyperref Warning: Token not allowed in a PDF string (PDFDocEncoding):
(hyperref)                removing `math shift' on input line 1118.


Package hyperref Warning: Token not allowed in a PDF string (PDFDocEncoding):
(hyperref)                removing `\Omega' on input line 1118.


Package hyperref Warning: Token not allowed in a PDF string (PDFDocEncoding):
(hyperref)                removing `math shift' on input line 1118.


Package hyperref Warning: Token not allowed in a PDF string (PDFDocEncoding):
(hyperref)                removing `math shift' on input line 1118.


Package hyperref Warning: Token not allowed in a PDF string (PDFDocEncoding):
(hyperref)                removing `math shift' on input line 1118.

Package babel Info: Redefining portuges shorthand "|
(babel)             in language  on input line 1136.
Package babel Info: Redefining portuges shorthand "|
(babel)             in language  on input line 1136.
[21]
Package babel Info: Redefining portuges shorthand "|
(babel)             in language  on input line 1161.
Package babel Info: Redefining portuges shorthand "|
(babel)             in language  on input line 1161.
 [22 <./Xlessthanx.pdf>]
Package babel Info: Redefining portuges shorthand "|
(babel)             in language  on input line 1229.
Package babel Info: Redefining portuges shorthand "|
(babel)             in language  on input line 1229.
 [23]
Overfull \hbox (9.01907pt too wide) in paragraph at lines 1235--1236
[]\T1/lmr/bx/n/12 2014-03-28T10:07:30 --- aceito agra-de-ci-da-mente ve-ri-fi-c
a-ções se a prova abaixo
 []

Package babel Info: Redefining portuges shorthand "|
(babel)             in language  on input line 1282.
Package babel Info: Redefining portuges shorthand "|
(babel)             in language  on input line 1282.
[24]
LaTeX Font Info:    Try loading font information for U+bbm on input line 1316.
 (/usr/share/texlive/texmf-dist/tex/latex/bbm-macros/ubbm.fd
File: ubbm.fd 1999/03/15 V 1.2 Font definition for bbm font - TH
)
Package babel Info: Redefining portuges shorthand "|
(babel)             in language  on input line 1327.
Package babel Info: Redefining portuges shorthand "|
(babel)             in language  on input line 1343.
Package babel Info: Redefining portuges shorthand "|
(babel)             in language  on input line 1343.
 [25]
Overfull \hbox (15.87337pt too wide) in paragraph at lines 1355--1358
\T1/lmr/m/n/12 A prova é com-pli-cada! Ela se ba-seia no se-guinte fato (Ro-sen
thal \T1/lmr/bx/n/12 2014-03-25T09:44:36
 []

Package babel Info: Redefining portuges shorthand "|
(babel)             in language  on input line 1401.
Package babel Info: Redefining portuges shorthand "|
(babel)             in language  on input line 1401.
[26]
Package babel Info: Redefining portuges shorthand "|
(babel)             in language  on input line 1464.
Package babel Info: Redefining portuges shorthand "|
(babel)             in language  on input line 1464.
 [27]
Package babel Info: Redefining portuges shorthand "|
(babel)             in language  on input line 1526.
Package babel Info: Redefining portuges shorthand "|
(babel)             in language  on input line 1526.
 [28]
Package babel Info: Redefining portuges shorthand "|
(babel)             in language  on input line 1539.
Package babel Info: Redefining portuges shorthand "|
(babel)             in language  on input line 1560.
Package babel Info: Redefining portuges shorthand "|
(babel)             in language  on input line 1560.
 [29] <fdafact.pdf, id=488, 341.43561pt x 170.7178pt>
File: fdafact.pdf Graphic file (type pdf)

<use fdafact.pdf>
Package pdftex.def Info: fdafact.pdf used on input line 1617.
(pdftex.def)             Requested size: 364.19667pt x 182.11137pt.
Package babel Info: Redefining portuges shorthand "|
(babel)             in language  on input line 1635.
Package babel Info: Redefining portuges shorthand "|
(babel)             in language  on input line 1635.
 [30]
Package babel Info: Redefining portuges shorthand "|
(babel)             in language  on input line 1675.
Package babel Info: Redefining portuges shorthand "|
(babel)             in language  on input line 1675.
 [31 <./fdafact.pdf>]
Package hyperref Info: bookmark level for unknown Teo defaults to 0 on input li
ne 1687.
Package babel Info: Redefining portuges shorthand "|
(babel)             in language  on input line 1738.
Package babel Info: Redefining portuges shorthand "|
(babel)             in language  on input line 1738.
 [32]
Package babel Info: Redefining portuges shorthand "|
(babel)             in language  on input line 1752.
Package babel Info: Redefining portuges shorthand "|
(babel)             in language  on input line 1782.
Package babel Info: Redefining portuges shorthand "|
(babel)             in language  on input line 1794.
Package babel Info: Redefining portuges shorthand "|
(babel)             in language  on input line 1794.
 [33]
Package babel Info: Redefining portuges shorthand "|
(babel)             in language  on input line 1804.
Package babel Info: Redefining portuges shorthand "|
(babel)             in language  on input line 1854.
Package babel Info: Redefining portuges shorthand "|
(babel)             in language  on input line 1854.
 [34]
Package babel Info: Redefining portuges shorthand "|
(babel)             in language  on input line 1907.
Package babel Info: Redefining portuges shorthand "|
(babel)             in language  on input line 1907.
 [35]
Package babel Info: Redefining portuges shorthand "|
(babel)             in language  on input line 1951.
Package babel Info: Redefining portuges shorthand "|
(babel)             in language  on input line 1951.
 [36]
Package babel Info: Redefining portuges shorthand "|
(babel)             in language  on input line 2017.
Package babel Info: Redefining portuges shorthand "|
(babel)             in language  on input line 2017.
 [37]
Package babel Info: Redefining portuges shorthand "|
(babel)             in language  on input line 2062.
Package babel Info: Redefining portuges shorthand "|
(babel)             in language  on input line 2062.

[38]
Package babel Info: Redefining portuges shorthand "|
(babel)             in language  on input line 2120.
Package babel Info: Redefining portuges shorthand "|
(babel)             in language  on input line 2120.
 [39] <duasfdps.pdf, id=618, 341.43561pt x 341.43561pt>
File: duasfdps.pdf Graphic file (type pdf)
 <use duasfdps.pdf>
Package pdftex.def Info: duasfdps.pdf used on input line 2136.
(pdftex.def)             Requested size: 273.14923pt x 273.1697pt.
Package babel Info: Redefining portuges shorthand "|
(babel)             in language  on input line 2147.
Package babel Info: Redefining portuges shorthand "|
(babel)             in language  on input line 2147.

[40 <./duasfdps.pdf>] <duasexps.pdf, id=648, 256.07669pt x 256.07669pt>
File: duasexps.pdf Graphic file (type pdf)

<use duasexps.pdf>
Package pdftex.def Info: duasexps.pdf used on input line 2158.
(pdftex.def)             Requested size: 227.62206pt x 227.63402pt.
Package babel Info: Redefining portuges shorthand "|
(babel)             in language  on input line 2182.
Package babel Info: Redefining portuges shorthand "|
(babel)             in language  on input line 2182.
 [41 <./duasexps.pdf>]
Package babel Info: Redefining portuges shorthand "|
(babel)             in language  on input line 2194.
Package babel Info: Redefining portuges shorthand "|
(babel)             in language  on input line 2194.
 [42]
Cap\'{\i }tulo 7.
Package babel Info: Redefining portuges shorthand "|
(babel)             in language  on input line 2194.
Package babel Info: Redefining portuges shorthand "|
(babel)             in language  on input line 2246.
Package babel Info: Redefining portuges shorthand "|
(babel)             in language  on input line 2246.
[43

]
Package babel Info: Redefining portuges shorthand "|
(babel)             in language  on input line 2281.
Package babel Info: Redefining portuges shorthand "|
(babel)             in language  on input line 2281.
 [44]
Cap\'{\i }tulo 8.
Package babel Info: Redefining portuges shorthand "|
(babel)             in language  on input line 2281.
Package babel Info: Redefining portuges shorthand "|
(babel)             in language  on input line 2286.
<passale.pdf, id=700, 355.3275pt x 328.22626pt>
File: passale.pdf Graphic file (type pdf)
 <use passale.pdf>
Package pdftex.def Info: passale.pdf used on input line 2307.
(pdftex.def)             Requested size: 273.14923pt x 252.32431pt.

<derivadasnum.pdf, id=701, 373.395pt x 252.945pt>
File: derivadasnum.pdf Graphic file (type pdf)
 <use derivadasnum.pdf>
Package pdftex.def Info: derivadasnum.pdf used on input line 2312.
(pdftex.def)             Requested size: 273.14923pt x 185.04585pt.
Package babel Info: Redefining portuges shorthand "|
(babel)             in language  on input line 2335.
Package babel Info: Redefining portuges shorthand "|
(babel)             in language  on input line 2335.

[45

]
Package babel Info: Redefining portuges shorthand "|
(babel)             in language  on input line 2335.
Package babel Info: Redefining portuges shorthand "|
(babel)             in language  on input line 2335.
 [46 <./passale.pdf> <./derivadasnum.pdf>]

LaTeX Warning: Reference `cap:edp' on page 47 undefined on input line 2360.

Package babel Info: Redefining portuges shorthand "|
(babel)             in language  on input line 2367.
Package babel Info: Redefining portuges shorthand "|
(babel)             in language  on input line 2382.
Package babel Info: Redefining portuges shorthand "|
(babel)             in language  on input line 2382.
[47]
Package babel Info: Redefining portuges shorthand "|
(babel)             in language  on input line 2428.
Package babel Info: Redefining portuges shorthand "|
(babel)             in language  on input line 2428.
 [48]
Package babel Info: Redefining portuges shorthand "|
(babel)             in language  on input line 2476.
Package babel Info: Redefining portuges shorthand "|
(babel)             in language  on input line 2476.
 [49]
Package babel Info: Redefining portuges shorthand "|
(babel)             in language  on input line 2493.
Package babel Info: Redefining portuges shorthand "|
(babel)             in language  on input line 2534.
Package babel Info: Redefining portuges shorthand "|
(babel)             in language  on input line 2534.
 [50] <procest.pdf, id=819, 586.19pt x 487.8225pt>
File: procest.pdf Graphic file (type pdf)

<use procest.pdf>
Package pdftex.def Info: procest.pdf used on input line 2542.
(pdftex.def)             Requested size: 409.71692pt x 340.95981pt.
Package babel Info: Redefining portuges shorthand "|
(babel)             in language  on input line 2555.
Package babel Info: Redefining portuges shorthand "|
(babel)             in language  on input line 2555.
 [51 <./procest.pdf>]
Package babel Info: Redefining portuges shorthand "|
(babel)             in language  on input line 2611.
Package babel Info: Redefining portuges shorthand "|
(babel)             in language  on input line 2611.
 [52]
Package hyperref Info: bookmark level for unknown Proj defaults to 0 on input l
ine 2619.
Package babel Info: Redefining portuges shorthand "|
(babel)             in language  on input line 2633.

</home/nldias/work/graduacao/matap/aulas/procest.pdf, id=859, 586.19pt x 487.82
25pt>
File: /home/nldias/work/graduacao/matap/aulas/procest.pdf Graphic file (type pd
f)
 <use /home/nldias/work/graduacao/matap/aulas/procest.pdf>
Package pdftex.def Info: /home/nldias/work/graduacao/matap/aulas/procest.pdf us
ed on input line 2659.
(pdftex.def)             Requested size: 273.14923pt x 227.3115pt.
Package babel Info: Redefining portuges shorthand "|
(babel)             in language  on input line 2661.
Package babel Info: Redefining portuges shorthand "|
(babel)             in language  on input line 2661.
 [53pdfTeX warning (ext4): destination with the same identifier (name{equation.
8.3.36}) has been already used, duplicate ignored

\AtBegShi@Output ...ipout \box \AtBeginShipoutBox 
                                                  \fi \fi 
l.2661 \end{center}
                   ]
LaTeX Font Info:    Try loading font information for T1+lmtt on input line 2711
.
 (/usr/share/texmf/tex/latex/lm/t1lmtt.fd
File: t1lmtt.fd 2009/10/30 v1.6 Font defs for Latin Modern
)
Package babel Info: Redefining portuges shorthand "|
(babel)             in language  on input line 2717.
Package babel Info: Redefining portuges shorthand "|
(babel)             in language  on input line 2717.
 [54 </home/nldias/work/graduacao/matap/aulas/procest.pdf>]
Package babel Info: Redefining portuges shorthand "|
(babel)             in language  on input line 2744.
Package babel Info: Redefining portuges shorthand "|
(babel)             in language  on input line 2744.
 [55]
Cap\'{\i }tulo 9.
Package babel Info: Redefining portuges shorthand "|
(babel)             in language  on input line 2744.
Package babel Info: Redefining portuges shorthand "|
(babel)             in language  on input line 2749.
Package babel Info: Redefining portuges shorthand "|
(babel)             in language  on input line 2794.
Package babel Info: Redefining portuges shorthand "|
(babel)             in language  on input line 2799.
Package babel Info: Redefining portuges shorthand "|
(babel)             in language  on input line 2799.
[56

]
Package babel Info: Redefining portuges shorthand "|
(babel)             in language  on input line 2862.
Package babel Info: Redefining portuges shorthand "|
(babel)             in language  on input line 2867.
Package babel Info: Redefining portuges shorthand "|
(babel)             in language  on input line 2867.
 [57]
Package babel Info: Redefining portuges shorthand "|
(babel)             in language  on input line 2930.
Package babel Info: Redefining portuges shorthand "|
(babel)             in language  on input line 2930.
 [58]
Package babel Info: Redefining portuges shorthand "|
(babel)             in language  on input line 2993.
Package babel Info: Redefining portuges shorthand "|
(babel)             in language  on input line 2993.
 [59]
Package babel Info: Redefining portuges shorthand "|
(babel)             in language  on input line 3002.
Package babel Info: Redefining portuges shorthand "|
(babel)             in language  on input line 3002.
 [60]
Cap\'{\i }tulo 10.
Package babel Info: Redefining portuges shorthand "|
(babel)             in language  on input line 3002.
Package babel Info: Redefining portuges shorthand "|
(babel)             in language  on input line 3055.
Package babel Info: Redefining portuges shorthand "|
(babel)             in language  on input line 3055.
[61

]
\somespc=\skip62
\zomespc=\skip63
Package babel Info: Redefining portuges shorthand "|
(babel)             in language  on input line 3117.
Package babel Info: Redefining portuges shorthand "|
(babel)             in language  on input line 3117.
 [62]
Package babel Info: Redefining portuges shorthand "|
(babel)             in language  on input line 3174.
Package babel Info: Redefining portuges shorthand "|
(babel)             in language  on input line 3174.
 [63]
Package babel Info: Redefining portuges shorthand "|
(babel)             in language  on input line 3223.
Package babel Info: Redefining portuges shorthand "|
(babel)             in language  on input line 3223.
 [64]
Package babel Info: Redefining portuges shorthand "|
(babel)             in language  on input line 3280.
Package babel Info: Redefining portuges shorthand "|
(babel)             in language  on input line 3280.
 [65]
Cap\'{\i }tulo 11.
Package babel Info: Redefining portuges shorthand "|
(babel)             in language  on input line 3280.
Package babel Info: Redefining portuges shorthand "|
(babel)             in language  on input line 3341.
Package babel Info: Redefining portuges shorthand "|
(babel)             in language  on input line 3341.
[66

] (./teoerg.bbl
Package babel Info: Redefining portuges shorthand "|
(babel)             in language  on input line 1.
Package babel Info: Redefining portuges shorthand "|
(babel)             in language  on input line 1.
 [67]
Package babel Info: Redefining portuges shorthand "|
(babel)             in language  on input line 90.
Package babel Info: Redefining portuges shorthand "|
(babel)             in language  on input line 90.
 [68

])
\tf@thm=\write4
\openout4 = `teoerg.thm'.

Package atveryend Info: Empty hook `BeforeClearDocument' on input line 3360.
Package babel Info: Redefining portuges shorthand "|
(babel)             in language  on input line 3360.
Package babel Info: Redefining portuges shorthand "|
(babel)             in language  on input line 3360.
 [69]
Package atveryend Info: Empty hook `AfterLastShipout' on input line 3360.
 (./teoerg.aux)
Package atveryend Info: Executing hook `AtVeryEndDocument' on input line 3360.
Package atveryend Info: Executing hook `AtEndAfterFileList' on input line 3360.

Package rerunfilecheck Info: File `teoerg.out' has not changed.
(rerunfilecheck)             Checksum: 2E93E647583101BD02BEE9017BC10B84;2159.


LaTeX Font Warning: Some font shapes were not available, defaults substituted.


LaTeX Warning: There were undefined references.

Package atveryend Info: Empty hook `AtVeryVeryEnd' on input line 3360.
 ) 
Here is how much of TeX's memory you used:
 10124 strings out of 494500
 145006 string characters out of 6173139
 238134 words of memory out of 5000000
 12743 multiletter control sequences out of 15000+600000
 135213 words of font info for 147 fonts, out of 8000000 for 9000
 432 hyphenation exceptions out of 8191
 29i,18n,32p,235b,518s stack positions out of 5000i,500n,10000p,200000b,80000s
{/usr/share/texmf/fonts/enc/dvips/lm/lm-ec.enc} </tmp/texfonts/pk/ljfour/publ
ic/bbm/bbm8.600pk>{/usr/share/texmf/fonts/enc/dvips/lm/lm-mathsy.enc} </tmp/tex
fonts/pk/ljfour/public/bbm/bbm12.600pk>{/usr/share/texmf/fonts/enc/dvips/lm/lm-
rm.enc}{/usr/share/texmf/fonts/enc/dvips/lm/lm-mathit.enc}{/usr/share/texmf/fon
ts/enc/dvips/lm/lm-ts1.enc}{/usr/share/texmf/fonts/enc/dvips/lm/lm-mathex.enc}<
/usr/share/texlive/texmf-dist/fonts/type1/public/amsfonts/cm/cmmi10.pfb></usr/s
hare/texlive/texmf-dist/fonts/type1/public/amsfonts/cm/cmmi12.pfb></usr/share/t
exlive/texmf-dist/fonts/type1/public/amsfonts/cm/cmmi7.pfb></usr/share/texlive/
texmf-dist/fonts/type1/public/amsfonts/cm/cmr10.pfb></usr/share/texlive/texmf-d
ist/fonts/type1/public/amsfonts/cm/cmr12.pfb></usr/share/texlive/texmf-dist/fon
ts/type1/public/amsfonts/cm/cmr7.pfb></usr/share/texlive/texmf-dist/fonts/type1
/public/amsfonts/cm/cmsy10.pfb></usr/share/texlive/texmf-dist/fonts/type1/publi
c/amsfonts/cm/cmsy7.pfb></usr/share/texmf/fonts/type1/public/lm/lmbx10.pfb></us
r/share/texmf/fonts/type1/public/lm/lmbx12.pfb></usr/share/texmf/fonts/type1/pu
blic/lm/lmbx8.pfb></usr/share/texmf/fonts/type1/public/lm/lmbxi10.pfb></usr/sha
re/texmf/fonts/type1/public/lm/lmex10.pfb></usr/share/texmf/fonts/type1/public/
lm/lmmi10.pfb></usr/share/texmf/fonts/type1/public/lm/lmmi12.pfb></usr/share/te
xmf/fonts/type1/public/lm/lmmi6.pfb></usr/share/texmf/fonts/type1/public/lm/lmm
i8.pfb></usr/share/texmf/fonts/type1/public/lm/lmmib10.pfb></usr/share/texmf/fo
nts/type1/public/lm/lmr10.pfb></usr/share/texmf/fonts/type1/public/lm/lmr12.pfb
></usr/share/texmf/fonts/type1/public/lm/lmr17.pfb></usr/share/texmf/fonts/type
1/public/lm/lmr6.pfb></usr/share/texmf/fonts/type1/public/lm/lmr8.pfb></usr/sha
re/texmf/fonts/type1/public/lm/lmri10.pfb></usr/share/texmf/fonts/type1/public/
lm/lmri12.pfb></usr/share/texmf/fonts/type1/public/lm/lmsy10.pfb></usr/share/te
xmf/fonts/type1/public/lm/lmsy6.pfb></usr/share/texmf/fonts/type1/public/lm/lms
y8.pfb></usr/share/texmf/fonts/type1/public/lm/lmtt12.pfb></usr/share/texlive/t
exmf-dist/fonts/type1/public/amsfonts/symbols/msam10.pfb></usr/share/texlive/te
xmf-dist/fonts/type1/public/amsfonts/symbols/msbm10.pfb></usr/share/texlive/tex
mf-dist/fonts/type1/public/rsfs/rsfs10.pfb></usr/share/texlive/texmf-dist/fonts
/type1/public/txfonts/rtxr.pfb></usr/share/texlive/texmf-dist/fonts/type1/publi
c/stmaryrd/stmary10.pfb></usr/share/texlive/texmf-dist/fonts/type1/public/txfon
ts/txsy.pfb></usr/share/texlive/texmf-dist/fonts/type1/public/newtx/zxlr.pfb></
usr/share/texlive/texmf-dist/fonts/type1/public/newtx/zxlri.pfb>
Output written on teoerg.pdf (70 pages, 724368 bytes).
PDF statistics:
 1199 PDF objects out of 1200 (max. 8388607)
 1048 compressed objects within 11 object streams
 360 named destinations out of 1000 (max. 500000)
 265 words of extra memory for PDF output out of 10000 (max. 10000000)

