\BOOKMARK [0][-]{chapter.1}{Introdução}{}% 1
\BOOKMARK [0][-]{chapter.2}{2014-02-19: Aditividade finita}{}% 2
\BOOKMARK [0][-]{chapter.3}{2014-02-24: Aditividade infinita}{}% 3
\BOOKMARK [0][-]{chapter.4}{2014-02-26: Semi-anéis, anéis, e outros bichos}{}% 4
\BOOKMARK [1][-]{section.4.1}{Geração de -álgebras}{chapter.4}% 5
\BOOKMARK [0][-]{chapter.5}{2014-03-10: O conjunto de Vitali: existe um conjunto não-mensurável em \(0,1]}{}% 6
\BOOKMARK [1][-]{section.5.1}{A q-soma e resultados preliminares}{chapter.5}% 7
\BOOKMARK [1][-]{section.5.2}{O axioma da seleção e um conjunto estranho}{chapter.5}% 8
\BOOKMARK [0][-]{chapter.6}{2014-03-12, 2014-03-17: Teoria de probabilidade e incursões na física e em geociências}{}% 9
\BOOKMARK [1][-]{section.6.1}{Variável aleatória}{chapter.6}% 10
\BOOKMARK [1][-]{section.6.2}{A conveniência de definir funções de \040em R.}{chapter.6}% 11
\BOOKMARK [1][-]{section.6.3}{2014-03-19: Propriedades de variáveis aleatórias}{chapter.6}% 12
\BOOKMARK [1][-]{section.6.4}{2014-03-28T09:49:31 revisão, e a FDA}{chapter.6}% 13
\BOOKMARK [1][-]{section.6.5}{A FDA}{chapter.6}% 14
\BOOKMARK [1][-]{section.6.6}{Média e momentos}{chapter.6}% 15
\BOOKMARK [1][-]{section.6.7}{Distribuições conjuntas}{chapter.6}% 16
\BOOKMARK [0][-]{chapter.7}{Modelos e erros}{}% 17
\BOOKMARK [0][-]{chapter.8}{A difusão de um ponto de vista probabilístico}{}% 18
\BOOKMARK [1][-]{section.8.1}{Um passeio aleatório}{chapter.8}% 19
\BOOKMARK [1][-]{section.8.2}{A solução de Einstein para o movimento Browniano}{chapter.8}% 20
\BOOKMARK [1][-]{section.8.3}{Uma introdução informal a processos estocásticos}{chapter.8}% 21
\BOOKMARK [1][-]{section.8.4}{2014-03-31 Moving on to stochastic processes and dynamical systems}{chapter.8}% 22
\BOOKMARK [0][-]{chapter.9}{Processos estocásticos a partir de sistemas dinâmicos}{}% 23
\BOOKMARK [1][-]{section.9.1}{Definições}{chapter.9}% 24
\BOOKMARK [1][-]{section.9.2}{Medidas invariantes}{chapter.9}% 25
\BOOKMARK [1][-]{section.9.3}{Push-forward, Pull-back}{chapter.9}% 26
\BOOKMARK [0][-]{chapter.10}{2014-04-28: O Teorema Ergódico de von Neumann}{}% 27
\BOOKMARK [0][-]{chapter.11}{Ergodicity}{}% 28
